[0.028s] Invoking command in '/home/kaice/ros2_ws/build/xwr_data': CMAKE_PREFIX_PATH=/home/kaice/ros2_ws/install/ti_mmwave_msgs:/home/kaice/ros2_ws/install/dca1000:/opt/ros/humble:/home/kaice/ros2_ws/install/radar_simulator LD_LIBRARY_PATH=/home/kaice/ros2_ws/install/ti_mmwave_msgs/lib:/home/kaice/ros2_ws/install/dca1000/lib:/home/kaice/ros2_ws/install/radar_simulator/lib:/opt/ros/humble/opt/rviz_ogre_vendor/lib:/opt/ros/humble/lib/x86_64-linux-gnu:/opt/ros/humble/lib /usr/bin/cmake /home/kaice/ros2_ws/src/ti_mmwave_ros2/src/xwr_data -DCMAKE_INSTALL_PREFIX=/home/kaice/ros2_ws/install/xwr_data
[0.096s] -- The C compiler identification is GNU 11.4.0
[0.168s] -- The CXX compiler identification is GNU 11.4.0
[0.177s] -- Detecting C compiler ABI info
[0.273s] -- Detecting C compiler ABI info - done
[0.280s] -- Check for working C compiler: /usr/bin/cc - skipped
[0.280s] -- Detecting C compile features
[0.281s] -- Detecting C compile features - done
[0.284s] -- Detecting CXX compiler ABI info
[0.398s] -- Detecting CXX compiler ABI info - done
[0.404s] -- Check for working CXX compiler: /usr/bin/c++ - skipped
[0.408s] -- Detecting CXX compile features
[0.408s] -- Detecting CXX compile features - done
[0.414s] -- Found Boost: /usr/lib/x86_64-linux-gnu/cmake/Boost-1.74.0/BoostConfig.cmake (found version "1.74.0")  
[0.416s] -- Found ament_cmake: 1.3.12 (/opt/ros/humble/share/ament_cmake/cmake)
[0.585s] -- Found Python3: /usr/bin/python3 (found version "3.10.12") found components: Interpreter 
[0.671s] -- Found rclcpp: 16.0.15 (/opt/ros/humble/share/rclcpp/cmake)
[0.702s] -- Found rosidl_generator_c: 3.1.7 (/opt/ros/humble/share/rosidl_generator_c/cmake)
[0.710s] -- Found rosidl_adapter: 3.1.7 (/opt/ros/humble/share/rosidl_adapter/cmake)
[0.717s] -- Found rosidl_generator_cpp: 3.1.7 (/opt/ros/humble/share/rosidl_generator_cpp/cmake)
[0.729s] -- Using all available rosidl_typesupport_c: rosidl_typesupport_fastrtps_c;rosidl_typesupport_introspection_c
[0.742s] -- Using all available rosidl_typesupport_cpp: rosidl_typesupport_fastrtps_cpp;rosidl_typesupport_introspection_cpp
[0.776s] -- Found rmw_implementation_cmake: 6.1.2 (/opt/ros/humble/share/rmw_implementation_cmake/cmake)
[0.779s] -- Found rmw_fastrtps_cpp: 6.2.9 (/opt/ros/humble/share/rmw_fastrtps_cpp/cmake)
[0.896s] -- Found OpenSSL: /usr/lib/x86_64-linux-gnu/libcrypto.so (found version "3.0.2")  
[0.925s] -- Found FastRTPS: /opt/ros/humble/include  
[0.966s] -- Using RMW implementation 'rmw_fastrtps_cpp' as default
[0.973s] -- Looking for pthread.h
[1.059s] -- Looking for pthread.h - found
[1.059s] -- Performing Test CMAKE_HAVE_LIBC_PTHREAD
[1.174s] -- Performing Test CMAKE_HAVE_LIBC_PTHREAD - Success
[1.175s] -- Found Threads: TRUE  
[1.225s] -- Found rclcpp_components: 16.0.15 (/opt/ros/humble/share/rclcpp_components/cmake)
[1.260s] -- Configuring incomplete, errors occurred!
[1.260s] See also "/home/kaice/ros2_ws/build/xwr_data/CMakeFiles/CMakeOutput.log".
[1.265s] [31mCMake Error at CMakeLists.txt:17 (find_package):
[1.267s]   By not providing "Findserial.cmake" in CMAKE_MODULE_PATH this project has
[1.267s]   asked CMake to find a package configuration file provided by "serial", but
[1.267s]   CMake did not find one.
[1.269s] 
[1.269s]   Could not find a package configuration file provided by "serial" with any
[1.269s]   of the following names:
[1.269s] 
[1.270s]     serialConfig.cmake
[1.270s]     serial-config.cmake
[1.270s] 
[1.271s]   Add the installation prefix of "serial" to CMAKE_PREFIX_PATH or set
[1.271s]   "serial_DIR" to a directory containing one of the above files.  If "serial"
[1.271s]   provides a separate development package or SDK, be sure it has been
[1.272s]   installed.
[1.272s] 
[1.274s] [0m
