[0.022s] Invoking command in '/home/kaice/ros2_ws/build/radar_simulator': /usr/bin/cmake /home/kaice/ros2_ws/src/radar_simulator -DCATKIN_INSTALL_INTO_PREFIX_ROOT=0 -DCMAKE_INSTALL_PREFIX=/home/kaice/ros2_ws/install/radar_simulator
[0.086s] -- The C compiler identification is GNU 11.4.0
[0.161s] -- The CXX compiler identification is GNU 11.4.0
[0.170s] -- Detecting C compiler ABI info
[0.260s] -- Detecting C compiler ABI info - done
[0.267s] -- Check for working C compiler: /usr/bin/cc - skipped
[0.267s] -- Detecting C compile features
[0.267s] -- Detecting C compile features - done
[0.270s] -- Detecting CXX compiler ABI info
[0.375s] -- Detecting CXX compiler ABI info - done
[0.382s] -- Check for working CXX compiler: /usr/bin/c++ - skipped
[0.382s] -- Detecting CXX compile features
[0.382s] -- Detecting CXX compile features - done
[0.384s] -- Found ament_cmake: 1.3.12 (/opt/ros/humble/share/ament_cmake/cmake)
[0.549s] -- Found Python3: /usr/bin/python3 (found version "3.10.12") found components: Interpreter 
[0.628s] -- Found rosidl_default_generators: 1.2.0 (/opt/ros/humble/share/rosidl_default_generators/cmake)
[0.631s] -- Using all available rosidl_typesupport_c: rosidl_typesupport_fastrtps_c;rosidl_typesupport_introspection_c
[0.637s] -- Found rosidl_adapter: 3.1.7 (/opt/ros/humble/share/rosidl_adapter/cmake)
[0.674s] -- Using all available rosidl_typesupport_cpp: rosidl_typesupport_fastrtps_cpp;rosidl_typesupport_introspection_cpp
[0.959s] -- Found ament_cmake_ros: 0.10.0 (/opt/ros/humble/share/ament_cmake_ros/cmake)
[1.155s] -- Using all available rosidl_typesupport_c: rosidl_typesupport_fastrtps_c;rosidl_typesupport_introspection_c
[1.419s] -- Using all available rosidl_typesupport_cpp: rosidl_typesupport_fastrtps_cpp;rosidl_typesupport_introspection_cpp
[1.446s] -- Found PythonInterp: /usr/bin/python3 (found suitable version "3.10.12", minimum required is "3.6") 
[1.447s] -- Found python_cmake_module: 0.10.0 (/opt/ros/humble/share/python_cmake_module/cmake)
[1.475s] -- Found PythonLibs: /usr/lib/x86_64-linux-gnu/libpython3.10.so (found suitable version "3.10.12", minimum required is "3.5") 
[1.475s] -- Using PYTHON_EXECUTABLE: /usr/bin/python3
[1.475s] -- Using PYTHON_INCLUDE_DIRS: /usr/include/python3.10
[1.475s] -- Using PYTHON_LIBRARIES: /usr/lib/x86_64-linux-gnu/libpython3.10.so
[1.499s] -- Found PythonExtra: .so  
[1.538s] -- Configuring done
[1.570s] -- Generating done
[1.572s] [33mCMake Warning:
[1.573s]   Manually-specified variables were not used by the project:
[1.573s] 
[1.573s]     CATKIN_INSTALL_INTO_PREFIX_ROOT
[1.573s] 
[1.573s] [0m
[1.580s] -- Build files have been written to: /home/kaice/ros2_ws/build/radar_simulator
[1.594s] Invoked command in '/home/kaice/ros2_ws/build/radar_simulator' returned '0': /usr/bin/cmake /home/kaice/ros2_ws/src/radar_simulator -DCATKIN_INSTALL_INTO_PREFIX_ROOT=0 -DCMAKE_INSTALL_PREFIX=/home/kaice/ros2_ws/install/radar_simulator
[1.595s] Invoking command in '/home/kaice/ros2_ws/build/radar_simulator': /usr/bin/cmake --build /home/kaice/ros2_ws/build/radar_simulator -- -j6 -l6
[1.651s] [  3%] [34m[1mGenerating C code for ROS interfaces[0m
[1.667s] [  6%] [34m[1mGenerating C++ code for ROS interfaces[0m
[1.681s] [  6%] Built target ament_cmake_python_copy_radar_simulator
[1.916s] running egg_info
[1.916s] creating radar_simulator.egg-info
[1.917s] writing radar_simulator.egg-info/PKG-INFO
[1.917s] writing dependency_links to radar_simulator.egg-info/dependency_links.txt
[1.918s] writing top-level names to radar_simulator.egg-info/top_level.txt
[1.920s] writing manifest file 'radar_simulator.egg-info/SOURCES.txt'
[1.920s] reading manifest file 'radar_simulator.egg-info/SOURCES.txt'
[1.921s] writing manifest file 'radar_simulator.egg-info/SOURCES.txt'
[1.991s] [  6%] Built target ament_cmake_python_build_radar_simulator_egg
[1.991s] [  6%] Built target radar_simulator__cpp
[2.000s] [  9%] [32mBuilding C object CMakeFiles/radar_simulator__rosidl_generator_c.dir/rosidl_generator_c/radar_simulator/msg/detail/radar_object__functions.c.o[0m
[2.005s] [ 12%] [34m[1mGenerating C++ type support for eProsima Fast-RTPS[0m
[2.009s] [ 16%] [34m[1mGenerating C++ introspection for ROS interfaces[0m
[2.010s] [ 19%] [34m[1mGenerating C++ type support dispatch for ROS interfaces[0m
[2.116s] [ 22%] [32m[1mLinking C shared library libradar_simulator__rosidl_generator_c.so[0m
[2.216s] [ 22%] Built target radar_simulator__rosidl_generator_c
[2.239s] [ 25%] [34m[1mGenerating C type support dispatch for ROS interfaces[0m
[2.240s] [ 29%] [34m[1mGenerating C introspection for ROS interfaces[0m
[2.260s] [ 32%] [34m[1mGenerating C type support for eProsima Fast-RTPS[0m
[2.362s] [ 35%] [32mBuilding CXX object CMakeFiles/radar_simulator__rosidl_typesupport_introspection_cpp.dir/rosidl_typesupport_introspection_cpp/radar_simulator/msg/detail/radar_object__type_support.cpp.o[0m
[2.375s] [ 38%] [32mBuilding CXX object CMakeFiles/radar_simulator__rosidl_typesupport_cpp.dir/rosidl_typesupport_cpp/radar_simulator/msg/radar_object__type_support.cpp.o[0m
[2.401s] [ 41%] [32mBuilding CXX object CMakeFiles/radar_simulator__rosidl_typesupport_fastrtps_cpp.dir/rosidl_typesupport_fastrtps_cpp/radar_simulator/msg/detail/dds_fastrtps/radar_object__type_support.cpp.o[0m
[2.614s] [ 45%] [32mBuilding CXX object CMakeFiles/radar_simulator__rosidl_typesupport_c.dir/rosidl_typesupport_c/radar_simulator/msg/radar_object__type_support.cpp.o[0m
[2.763s] [ 48%] [32m[1mLinking CXX shared library libradar_simulator__rosidl_typesupport_c.so[0m
[2.777s] [ 51%] [32mBuilding C object CMakeFiles/radar_simulator__rosidl_typesupport_introspection_c.dir/rosidl_typesupport_introspection_c/radar_simulator/msg/detail/radar_object__type_support.c.o[0m
[2.797s] [ 54%] [32m[1mLinking CXX shared library libradar_simulator__rosidl_typesupport_cpp.so[0m
[2.852s] [ 58%] [32m[1mLinking C shared library libradar_simulator__rosidl_typesupport_introspection_c.so[0m
[2.894s] [ 61%] [32mBuilding CXX object CMakeFiles/radar_simulator__rosidl_typesupport_fastrtps_c.dir/rosidl_typesupport_fastrtps_c/radar_simulator/msg/detail/radar_object__type_support_c.cpp.o[0m
[2.895s] [ 61%] Built target radar_simulator__rosidl_typesupport_c
[2.907s] [ 61%] Built target radar_simulator__rosidl_typesupport_cpp
[2.965s] [ 64%] [32m[1mLinking CXX shared library libradar_simulator__rosidl_typesupport_introspection_cpp.so[0m
[3.072s] [ 67%] [32m[1mLinking CXX shared library libradar_simulator__rosidl_typesupport_fastrtps_cpp.so[0m
[3.077s] [ 67%] Built target radar_simulator__rosidl_typesupport_introspection_c
[3.077s] [ 67%] Built target radar_simulator__rosidl_typesupport_introspection_cpp
[3.295s] [ 70%] [32m[1mLinking CXX shared library libradar_simulator__rosidl_typesupport_fastrtps_c.so[0m
[3.333s] [ 70%] Built target radar_simulator__rosidl_typesupport_fastrtps_cpp
[3.401s] [ 70%] Built target radar_simulator__rosidl_typesupport_fastrtps_c
[3.460s] [ 70%] Built target radar_simulator
[3.506s] [ 74%] [34m[1mGenerating Python code for ROS interfaces[0m
[3.967s] [ 74%] Built target radar_simulator__py
[4.017s] [ 77%] [32mBuilding C object CMakeFiles/radar_simulator__rosidl_generator_py.dir/rosidl_generator_py/radar_simulator/msg/_radar_object_s.c.o[0m
[4.169s] [ 80%] [32m[1mLinking C shared library rosidl_generator_py/radar_simulator/libradar_simulator__rosidl_generator_py.so[0m
[4.271s] [ 80%] Built target radar_simulator__rosidl_generator_py
[4.351s] [ 83%] [32mBuilding C object CMakeFiles/radar_simulator__rosidl_typesupport_introspection_c__pyext.dir/rosidl_generator_py/radar_simulator/_radar_simulator_s.ep.rosidl_typesupport_introspection_c.c.o[0m
[4.367s] [ 87%] [32mBuilding C object CMakeFiles/radar_simulator__rosidl_typesupport_fastrtps_c__pyext.dir/rosidl_generator_py/radar_simulator/_radar_simulator_s.ep.rosidl_typesupport_fastrtps_c.c.o[0m
[4.374s] [ 90%] [32mBuilding C object CMakeFiles/radar_simulator__rosidl_typesupport_c__pyext.dir/rosidl_generator_py/radar_simulator/_radar_simulator_s.ep.rosidl_typesupport_c.c.o[0m
[4.470s] [ 93%] [32m[1mLinking C shared library rosidl_generator_py/radar_simulator/radar_simulator_s__rosidl_typesupport_introspection_c.cpython-310-x86_64-linux-gnu.so[0m
[4.497s] [ 96%] [32m[1mLinking C shared library rosidl_generator_py/radar_simulator/radar_simulator_s__rosidl_typesupport_c.cpython-310-x86_64-linux-gnu.so[0m
[4.548s] [ 96%] Built target radar_simulator__rosidl_typesupport_introspection_c__pyext
[4.549s] [ 96%] Built target radar_simulator__rosidl_typesupport_c__pyext
[4.571s] [100%] [32m[1mLinking C shared library rosidl_generator_py/radar_simulator/radar_simulator_s__rosidl_typesupport_fastrtps_c.cpython-310-x86_64-linux-gnu.so[0m
[4.634s] [100%] Built target radar_simulator__rosidl_typesupport_fastrtps_c__pyext
[4.652s] Invoked command in '/home/kaice/ros2_ws/build/radar_simulator' returned '0': /usr/bin/cmake --build /home/kaice/ros2_ws/build/radar_simulator -- -j6 -l6
[4.666s] Invoking command in '/home/kaice/ros2_ws/build/radar_simulator': /usr/bin/cmake --install /home/kaice/ros2_ws/build/radar_simulator
[4.677s] -- Install configuration: ""
[4.694s] -- Installing: /home/kaice/ros2_ws/install/radar_simulator/share/ament_index/resource_index/rosidl_interfaces/radar_simulator
[4.694s] -- Installing: /home/kaice/ros2_ws/install/radar_simulator/include/radar_simulator/radar_simulator
[4.694s] -- Installing: /home/kaice/ros2_ws/install/radar_simulator/include/radar_simulator/radar_simulator/msg
[4.694s] -- Installing: /home/kaice/ros2_ws/install/radar_simulator/include/radar_simulator/radar_simulator/msg/rosidl_generator_c__visibility_control.h
[4.694s] -- Installing: /home/kaice/ros2_ws/install/radar_simulator/include/radar_simulator/radar_simulator/msg/detail
[4.694s] -- Installing: /home/kaice/ros2_ws/install/radar_simulator/include/radar_simulator/radar_simulator/msg/detail/radar_object__functions.h
[4.694s] -- Installing: /home/kaice/ros2_ws/install/radar_simulator/include/radar_simulator/radar_simulator/msg/detail/radar_object__functions.c
[4.694s] -- Installing: /home/kaice/ros2_ws/install/radar_simulator/include/radar_simulator/radar_simulator/msg/detail/radar_object__struct.h
[4.694s] -- Installing: /home/kaice/ros2_ws/install/radar_simulator/include/radar_simulator/radar_simulator/msg/detail/radar_object__type_support.h
[4.694s] -- Installing: /home/kaice/ros2_ws/install/radar_simulator/include/radar_simulator/radar_simulator/msg/radar_object.h
[4.694s] -- Installing: /home/kaice/ros2_ws/install/radar_simulator/share/radar_simulator/environment/library_path.sh
[4.694s] -- Installing: /home/kaice/ros2_ws/install/radar_simulator/share/radar_simulator/environment/library_path.dsv
[4.695s] -- Installing: /home/kaice/ros2_ws/install/radar_simulator/lib/libradar_simulator__rosidl_generator_c.so
[4.695s] -- Set runtime path of "/home/kaice/ros2_ws/install/radar_simulator/lib/libradar_simulator__rosidl_generator_c.so" to ""
[4.695s] -- Up-to-date: /home/kaice/ros2_ws/install/radar_simulator/include/radar_simulator/radar_simulator
[4.695s] -- Up-to-date: /home/kaice/ros2_ws/install/radar_simulator/include/radar_simulator/radar_simulator/msg
[4.695s] -- Up-to-date: /home/kaice/ros2_ws/install/radar_simulator/include/radar_simulator/radar_simulator/msg/detail
[4.695s] -- Installing: /home/kaice/ros2_ws/install/radar_simulator/include/radar_simulator/radar_simulator/msg/detail/radar_object__rosidl_typesupport_fastrtps_c.h
[4.695s] -- Installing: /home/kaice/ros2_ws/install/radar_simulator/include/radar_simulator/radar_simulator/msg/rosidl_typesupport_fastrtps_c__visibility_control.h
[4.695s] -- Installing: /home/kaice/ros2_ws/install/radar_simulator/lib/libradar_simulator__rosidl_typesupport_fastrtps_c.so
[4.695s] -- Set runtime path of "/home/kaice/ros2_ws/install/radar_simulator/lib/libradar_simulator__rosidl_typesupport_fastrtps_c.so" to ""
[4.695s] -- Up-to-date: /home/kaice/ros2_ws/install/radar_simulator/include/radar_simulator/radar_simulator
[4.695s] -- Up-to-date: /home/kaice/ros2_ws/install/radar_simulator/include/radar_simulator/radar_simulator/msg
[4.695s] -- Up-to-date: /home/kaice/ros2_ws/install/radar_simulator/include/radar_simulator/radar_simulator/msg/detail
[4.695s] -- Installing: /home/kaice/ros2_ws/install/radar_simulator/include/radar_simulator/radar_simulator/msg/detail/radar_object__rosidl_typesupport_introspection_c.h
[4.695s] -- Installing: /home/kaice/ros2_ws/install/radar_simulator/include/radar_simulator/radar_simulator/msg/detail/radar_object__type_support.c
[4.695s] -- Installing: /home/kaice/ros2_ws/install/radar_simulator/include/radar_simulator/radar_simulator/msg/rosidl_typesupport_introspection_c__visibility_control.h
[4.695s] -- Installing: /home/kaice/ros2_ws/install/radar_simulator/lib/libradar_simulator__rosidl_typesupport_introspection_c.so
[4.695s] -- Set runtime path of "/home/kaice/ros2_ws/install/radar_simulator/lib/libradar_simulator__rosidl_typesupport_introspection_c.so" to ""
[4.695s] -- Installing: /home/kaice/ros2_ws/install/radar_simulator/lib/libradar_simulator__rosidl_typesupport_c.so
[4.695s] -- Set runtime path of "/home/kaice/ros2_ws/install/radar_simulator/lib/libradar_simulator__rosidl_typesupport_c.so" to ""
[4.695s] -- Up-to-date: /home/kaice/ros2_ws/install/radar_simulator/include/radar_simulator/radar_simulator
[4.695s] -- Up-to-date: /home/kaice/ros2_ws/install/radar_simulator/include/radar_simulator/radar_simulator/msg
[4.695s] -- Installing: /home/kaice/ros2_ws/install/radar_simulator/include/radar_simulator/radar_simulator/msg/radar_object.hpp
[4.695s] -- Up-to-date: /home/kaice/ros2_ws/install/radar_simulator/include/radar_simulator/radar_simulator/msg/detail
[4.695s] -- Installing: /home/kaice/ros2_ws/install/radar_simulator/include/radar_simulator/radar_simulator/msg/detail/radar_object__type_support.hpp
[4.695s] -- Installing: /home/kaice/ros2_ws/install/radar_simulator/include/radar_simulator/radar_simulator/msg/detail/radar_object__builder.hpp
[4.695s] -- Installing: /home/kaice/ros2_ws/install/radar_simulator/include/radar_simulator/radar_simulator/msg/detail/radar_object__traits.hpp
[4.696s] -- Installing: /home/kaice/ros2_ws/install/radar_simulator/include/radar_simulator/radar_simulator/msg/detail/radar_object__struct.hpp
[4.696s] -- Installing: /home/kaice/ros2_ws/install/radar_simulator/include/radar_simulator/radar_simulator/msg/rosidl_generator_cpp__visibility_control.hpp
[4.696s] -- Up-to-date: /home/kaice/ros2_ws/install/radar_simulator/include/radar_simulator/radar_simulator
[4.696s] -- Up-to-date: /home/kaice/ros2_ws/install/radar_simulator/include/radar_simulator/radar_simulator/msg
[4.696s] -- Up-to-date: /home/kaice/ros2_ws/install/radar_simulator/include/radar_simulator/radar_simulator/msg/detail
[4.696s] -- Installing: /home/kaice/ros2_ws/install/radar_simulator/include/radar_simulator/radar_simulator/msg/detail/radar_object__rosidl_typesupport_fastrtps_cpp.hpp
[4.696s] -- Installing: /home/kaice/ros2_ws/install/radar_simulator/include/radar_simulator/radar_simulator/msg/detail/dds_fastrtps
[4.696s] -- Installing: /home/kaice/ros2_ws/install/radar_simulator/include/radar_simulator/radar_simulator/msg/rosidl_typesupport_fastrtps_cpp__visibility_control.h
[4.696s] -- Installing: /home/kaice/ros2_ws/install/radar_simulator/lib/libradar_simulator__rosidl_typesupport_fastrtps_cpp.so
[4.696s] -- Set runtime path of "/home/kaice/ros2_ws/install/radar_simulator/lib/libradar_simulator__rosidl_typesupport_fastrtps_cpp.so" to ""
[4.696s] -- Up-to-date: /home/kaice/ros2_ws/install/radar_simulator/include/radar_simulator/radar_simulator
[4.696s] -- Up-to-date: /home/kaice/ros2_ws/install/radar_simulator/include/radar_simulator/radar_simulator/msg
[4.696s] -- Up-to-date: /home/kaice/ros2_ws/install/radar_simulator/include/radar_simulator/radar_simulator/msg/detail
[4.696s] -- Installing: /home/kaice/ros2_ws/install/radar_simulator/include/radar_simulator/radar_simulator/msg/detail/radar_object__type_support.cpp
[4.696s] -- Installing: /home/kaice/ros2_ws/install/radar_simulator/include/radar_simulator/radar_simulator/msg/detail/radar_object__rosidl_typesupport_introspection_cpp.hpp
[4.696s] -- Installing: /home/kaice/ros2_ws/install/radar_simulator/lib/libradar_simulator__rosidl_typesupport_introspection_cpp.so
[4.696s] -- Set runtime path of "/home/kaice/ros2_ws/install/radar_simulator/lib/libradar_simulator__rosidl_typesupport_introspection_cpp.so" to ""
[4.696s] -- Installing: /home/kaice/ros2_ws/install/radar_simulator/lib/libradar_simulator__rosidl_typesupport_cpp.so
[4.696s] -- Set runtime path of "/home/kaice/ros2_ws/install/radar_simulator/lib/libradar_simulator__rosidl_typesupport_cpp.so" to ""
[4.696s] -- Installing: /home/kaice/ros2_ws/install/radar_simulator/share/radar_simulator/environment/pythonpath.sh
[4.696s] -- Installing: /home/kaice/ros2_ws/install/radar_simulator/share/radar_simulator/environment/pythonpath.dsv
[4.697s] -- Installing: /home/kaice/ros2_ws/install/radar_simulator/local/lib/python3.10/dist-packages/radar_simulator-0.0.0-py3.10.egg-info
[4.697s] -- Installing: /home/kaice/ros2_ws/install/radar_simulator/local/lib/python3.10/dist-packages/radar_simulator-0.0.0-py3.10.egg-info/SOURCES.txt
[4.697s] -- Installing: /home/kaice/ros2_ws/install/radar_simulator/local/lib/python3.10/dist-packages/radar_simulator-0.0.0-py3.10.egg-info/top_level.txt
[4.697s] -- Installing: /home/kaice/ros2_ws/install/radar_simulator/local/lib/python3.10/dist-packages/radar_simulator-0.0.0-py3.10.egg-info/dependency_links.txt
[4.697s] -- Installing: /home/kaice/ros2_ws/install/radar_simulator/local/lib/python3.10/dist-packages/radar_simulator-0.0.0-py3.10.egg-info/PKG-INFO
[4.697s] -- Installing: /home/kaice/ros2_ws/install/radar_simulator/local/lib/python3.10/dist-packages/radar_simulator
[4.697s] -- Installing: /home/kaice/ros2_ws/install/radar_simulator/local/lib/python3.10/dist-packages/radar_simulator/radar_simulator_s__rosidl_typesupport_c.cpython-310-x86_64-linux-gnu.so
[4.697s] -- Installing: /home/kaice/ros2_ws/install/radar_simulator/local/lib/python3.10/dist-packages/radar_simulator/__init__.py
[4.697s] -- Installing: /home/kaice/ros2_ws/install/radar_simulator/local/lib/python3.10/dist-packages/radar_simulator/_radar_simulator_s.ep.rosidl_typesupport_introspection_c.c
[4.697s] -- Installing: /home/kaice/ros2_ws/install/radar_simulator/local/lib/python3.10/dist-packages/radar_simulator/libradar_simulator__rosidl_generator_py.so
[4.697s] -- Installing: /home/kaice/ros2_ws/install/radar_simulator/local/lib/python3.10/dist-packages/radar_simulator/radar_simulator_s__rosidl_typesupport_fastrtps_c.cpython-310-x86_64-linux-gnu.so
[4.697s] -- Installing: /home/kaice/ros2_ws/install/radar_simulator/local/lib/python3.10/dist-packages/radar_simulator/_radar_simulator_s.ep.rosidl_typesupport_c.c
[4.697s] -- Installing: /home/kaice/ros2_ws/install/radar_simulator/local/lib/python3.10/dist-packages/radar_simulator/_radar_simulator_s.ep.rosidl_typesupport_fastrtps_c.c
[4.697s] -- Installing: /home/kaice/ros2_ws/install/radar_simulator/local/lib/python3.10/dist-packages/radar_simulator/msg
[4.697s] -- Installing: /home/kaice/ros2_ws/install/radar_simulator/local/lib/python3.10/dist-packages/radar_simulator/msg/__init__.py
[4.697s] -- Installing: /home/kaice/ros2_ws/install/radar_simulator/local/lib/python3.10/dist-packages/radar_simulator/msg/_radar_object_s.c
[4.697s] -- Installing: /home/kaice/ros2_ws/install/radar_simulator/local/lib/python3.10/dist-packages/radar_simulator/msg/_radar_object.py
[4.697s] -- Installing: /home/kaice/ros2_ws/install/radar_simulator/local/lib/python3.10/dist-packages/radar_simulator/radar_simulator_s__rosidl_typesupport_introspection_c.cpython-310-x86_64-linux-gnu.so
[4.744s] Listing '/home/kaice/ros2_ws/install/radar_simulator/local/lib/python3.10/dist-packages/radar_simulator'...
[4.744s] Compiling '/home/kaice/ros2_ws/install/radar_simulator/local/lib/python3.10/dist-packages/radar_simulator/__init__.py'...
[4.744s] Listing '/home/kaice/ros2_ws/install/radar_simulator/local/lib/python3.10/dist-packages/radar_simulator/msg'...
[4.744s] Compiling '/home/kaice/ros2_ws/install/radar_simulator/local/lib/python3.10/dist-packages/radar_simulator/msg/__init__.py'...
[4.744s] Compiling '/home/kaice/ros2_ws/install/radar_simulator/local/lib/python3.10/dist-packages/radar_simulator/msg/_radar_object.py'...
[4.763s] -- Installing: /home/kaice/ros2_ws/install/radar_simulator/local/lib/python3.10/dist-packages/radar_simulator/radar_simulator_s__rosidl_typesupport_fastrtps_c.cpython-310-x86_64-linux-gnu.so
[4.764s] -- Set runtime path of "/home/kaice/ros2_ws/install/radar_simulator/local/lib/python3.10/dist-packages/radar_simulator/radar_simulator_s__rosidl_typesupport_fastrtps_c.cpython-310-x86_64-linux-gnu.so" to ""
[4.765s] -- Installing: /home/kaice/ros2_ws/install/radar_simulator/local/lib/python3.10/dist-packages/radar_simulator/radar_simulator_s__rosidl_typesupport_introspection_c.cpython-310-x86_64-linux-gnu.so
[4.765s] -- Set runtime path of "/home/kaice/ros2_ws/install/radar_simulator/local/lib/python3.10/dist-packages/radar_simulator/radar_simulator_s__rosidl_typesupport_introspection_c.cpython-310-x86_64-linux-gnu.so" to ""
[4.766s] -- Installing: /home/kaice/ros2_ws/install/radar_simulator/local/lib/python3.10/dist-packages/radar_simulator/radar_simulator_s__rosidl_typesupport_c.cpython-310-x86_64-linux-gnu.so
[4.766s] -- Set runtime path of "/home/kaice/ros2_ws/install/radar_simulator/local/lib/python3.10/dist-packages/radar_simulator/radar_simulator_s__rosidl_typesupport_c.cpython-310-x86_64-linux-gnu.so" to ""
[4.766s] -- Installing: /home/kaice/ros2_ws/install/radar_simulator/lib/libradar_simulator__rosidl_generator_py.so
[4.767s] -- Set runtime path of "/home/kaice/ros2_ws/install/radar_simulator/lib/libradar_simulator__rosidl_generator_py.so" to ""
[4.767s] -- Installing: /home/kaice/ros2_ws/install/radar_simulator/share/radar_simulator/msg/RadarObject.idl
[4.767s] -- Installing: /home/kaice/ros2_ws/install/radar_simulator/share/radar_simulator/msg/RadarObject.msg
[4.767s] -- Installing: /home/kaice/ros2_ws/install/radar_simulator/share/ament_index/resource_index/package_run_dependencies/radar_simulator
[4.768s] -- Installing: /home/kaice/ros2_ws/install/radar_simulator/share/ament_index/resource_index/parent_prefix_path/radar_simulator
[4.768s] -- Installing: /home/kaice/ros2_ws/install/radar_simulator/share/radar_simulator/environment/ament_prefix_path.sh
[4.768s] -- Installing: /home/kaice/ros2_ws/install/radar_simulator/share/radar_simulator/environment/ament_prefix_path.dsv
[4.768s] -- Installing: /home/kaice/ros2_ws/install/radar_simulator/share/radar_simulator/environment/path.sh
[4.768s] -- Installing: /home/kaice/ros2_ws/install/radar_simulator/share/radar_simulator/environment/path.dsv
[4.768s] -- Installing: /home/kaice/ros2_ws/install/radar_simulator/share/radar_simulator/local_setup.bash
[4.768s] -- Installing: /home/kaice/ros2_ws/install/radar_simulator/share/radar_simulator/local_setup.sh
[4.769s] -- Installing: /home/kaice/ros2_ws/install/radar_simulator/share/radar_simulator/local_setup.zsh
[4.769s] -- Installing: /home/kaice/ros2_ws/install/radar_simulator/share/radar_simulator/local_setup.dsv
[4.769s] -- Installing: /home/kaice/ros2_ws/install/radar_simulator/share/radar_simulator/package.dsv
[4.769s] -- Installing: /home/kaice/ros2_ws/install/radar_simulator/share/ament_index/resource_index/packages/radar_simulator
[4.769s] -- Installing: /home/kaice/ros2_ws/install/radar_simulator/share/radar_simulator/cmake/export_radar_simulator__rosidl_generator_cExport.cmake
[4.769s] -- Installing: /home/kaice/ros2_ws/install/radar_simulator/share/radar_simulator/cmake/export_radar_simulator__rosidl_generator_cExport-noconfig.cmake
[4.769s] -- Installing: /home/kaice/ros2_ws/install/radar_simulator/share/radar_simulator/cmake/export_radar_simulator__rosidl_typesupport_fastrtps_cExport.cmake
[4.770s] -- Installing: /home/kaice/ros2_ws/install/radar_simulator/share/radar_simulator/cmake/export_radar_simulator__rosidl_typesupport_fastrtps_cExport-noconfig.cmake
[4.770s] -- Installing: /home/kaice/ros2_ws/install/radar_simulator/share/radar_simulator/cmake/radar_simulator__rosidl_typesupport_introspection_cExport.cmake
[4.770s] -- Installing: /home/kaice/ros2_ws/install/radar_simulator/share/radar_simulator/cmake/radar_simulator__rosidl_typesupport_introspection_cExport-noconfig.cmake
[4.770s] -- Installing: /home/kaice/ros2_ws/install/radar_simulator/share/radar_simulator/cmake/radar_simulator__rosidl_typesupport_cExport.cmake
[4.770s] -- Installing: /home/kaice/ros2_ws/install/radar_simulator/share/radar_simulator/cmake/radar_simulator__rosidl_typesupport_cExport-noconfig.cmake
[4.770s] -- Installing: /home/kaice/ros2_ws/install/radar_simulator/share/radar_simulator/cmake/export_radar_simulator__rosidl_generator_cppExport.cmake
[4.771s] -- Installing: /home/kaice/ros2_ws/install/radar_simulator/share/radar_simulator/cmake/export_radar_simulator__rosidl_typesupport_fastrtps_cppExport.cmake
[4.771s] -- Installing: /home/kaice/ros2_ws/install/radar_simulator/share/radar_simulator/cmake/export_radar_simulator__rosidl_typesupport_fastrtps_cppExport-noconfig.cmake
[4.771s] -- Installing: /home/kaice/ros2_ws/install/radar_simulator/share/radar_simulator/cmake/radar_simulator__rosidl_typesupport_introspection_cppExport.cmake
[4.771s] -- Installing: /home/kaice/ros2_ws/install/radar_simulator/share/radar_simulator/cmake/radar_simulator__rosidl_typesupport_introspection_cppExport-noconfig.cmake
[4.771s] -- Installing: /home/kaice/ros2_ws/install/radar_simulator/share/radar_simulator/cmake/radar_simulator__rosidl_typesupport_cppExport.cmake
[4.771s] -- Installing: /home/kaice/ros2_ws/install/radar_simulator/share/radar_simulator/cmake/radar_simulator__rosidl_typesupport_cppExport-noconfig.cmake
[4.771s] -- Installing: /home/kaice/ros2_ws/install/radar_simulator/share/radar_simulator/cmake/export_radar_simulator__rosidl_generator_pyExport.cmake
[4.773s] -- Installing: /home/kaice/ros2_ws/install/radar_simulator/share/radar_simulator/cmake/export_radar_simulator__rosidl_generator_pyExport-noconfig.cmake
[4.773s] -- Installing: /home/kaice/ros2_ws/install/radar_simulator/share/radar_simulator/cmake/rosidl_cmake-extras.cmake
[4.773s] -- Installing: /home/kaice/ros2_ws/install/radar_simulator/share/radar_simulator/cmake/ament_cmake_export_include_directories-extras.cmake
[4.773s] -- Installing: /home/kaice/ros2_ws/install/radar_simulator/share/radar_simulator/cmake/ament_cmake_export_libraries-extras.cmake
[4.774s] -- Installing: /home/kaice/ros2_ws/install/radar_simulator/share/radar_simulator/cmake/ament_cmake_export_targets-extras.cmake
[4.774s] -- Installing: /home/kaice/ros2_ws/install/radar_simulator/share/radar_simulator/cmake/rosidl_cmake_export_typesupport_targets-extras.cmake
[4.774s] -- Installing: /home/kaice/ros2_ws/install/radar_simulator/share/radar_simulator/cmake/ament_cmake_export_dependencies-extras.cmake
[4.774s] -- Installing: /home/kaice/ros2_ws/install/radar_simulator/share/radar_simulator/cmake/rosidl_cmake_export_typesupport_libraries-extras.cmake
[4.774s] -- Installing: /home/kaice/ros2_ws/install/radar_simulator/share/radar_simulator/cmake/radar_simulatorConfig.cmake
[4.774s] -- Installing: /home/kaice/ros2_ws/install/radar_simulator/share/radar_simulator/cmake/radar_simulatorConfig-version.cmake
[4.775s] -- Installing: /home/kaice/ros2_ws/install/radar_simulator/share/radar_simulator/package.xml
[4.775s] Invoked command in '/home/kaice/ros2_ws/build/radar_simulator' returned '0': /usr/bin/cmake --install /home/kaice/ros2_ws/build/radar_simulator
