[0.027s] Invoking command in '/home/kaice/ros2_ws/build/xwr_config': CMAKE_PREFIX_PATH=/home/kaice/ros2_ws/install/ti_mmwave_msgs:/home/kaice/ros2_ws/install/dca1000:/opt/ros/humble:/home/kaice/ros2_ws/install/radar_simulator LD_LIBRARY_PATH=/home/kaice/ros2_ws/install/ti_mmwave_msgs/lib:/home/kaice/ros2_ws/install/dca1000/lib:/home/kaice/ros2_ws/install/radar_simulator/lib:/opt/ros/humble/opt/rviz_ogre_vendor/lib:/opt/ros/humble/lib/x86_64-linux-gnu:/opt/ros/humble/lib /usr/bin/cmake /home/kaice/ros2_ws/src/ti_mmwave_ros2/src/xwr_config -DCMAKE_INSTALL_PREFIX=/home/kaice/ros2_ws/install/xwr_config
[0.089s] -- The C compiler identification is GNU 11.4.0
[0.163s] -- The CXX compiler identification is GNU 11.4.0
[0.172s] -- Detecting C compiler ABI info
[0.267s] -- Detecting C compiler ABI info - done
[0.274s] -- Check for working C compiler: /usr/bin/cc - skipped
[0.274s] -- Detecting C compile features
[0.274s] -- Detecting C compile features - done
[0.276s] -- Detecting CXX compiler ABI info
[0.386s] -- Detecting CXX compiler ABI info - done
[0.393s] -- Check for working CXX compiler: /usr/bin/c++ - skipped
[0.394s] -- Detecting CXX compile features
[0.394s] -- Detecting CXX compile features - done
[0.401s] -- Found Boost: /usr/lib/x86_64-linux-gnu/cmake/Boost-1.74.0/BoostConfig.cmake (found version "1.74.0")  
[0.403s] -- Found ament_cmake: 1.3.12 (/opt/ros/humble/share/ament_cmake/cmake)
[0.574s] -- Found Python3: /usr/bin/python3 (found version "3.10.12") found components: Interpreter 
[0.663s] -- Found rclcpp: 16.0.15 (/opt/ros/humble/share/rclcpp/cmake)
[0.695s] -- Found rosidl_generator_c: 3.1.7 (/opt/ros/humble/share/rosidl_generator_c/cmake)
[0.698s] -- Found rosidl_adapter: 3.1.7 (/opt/ros/humble/share/rosidl_adapter/cmake)
[0.709s] -- Found rosidl_generator_cpp: 3.1.7 (/opt/ros/humble/share/rosidl_generator_cpp/cmake)
[0.719s] -- Using all available rosidl_typesupport_c: rosidl_typesupport_fastrtps_c;rosidl_typesupport_introspection_c
[0.734s] -- Using all available rosidl_typesupport_cpp: rosidl_typesupport_fastrtps_cpp;rosidl_typesupport_introspection_cpp
[0.771s] -- Found rmw_implementation_cmake: 6.1.2 (/opt/ros/humble/share/rmw_implementation_cmake/cmake)
[0.772s] -- Found rmw_fastrtps_cpp: 6.2.9 (/opt/ros/humble/share/rmw_fastrtps_cpp/cmake)
[0.887s] -- Found OpenSSL: /usr/lib/x86_64-linux-gnu/libcrypto.so (found version "3.0.2")  
[0.925s] -- Found FastRTPS: /opt/ros/humble/include  
[0.959s] -- Using RMW implementation 'rmw_fastrtps_cpp' as default
[0.966s] -- Looking for pthread.h
[1.050s] -- Looking for pthread.h - found
[1.051s] -- Performing Test CMAKE_HAVE_LIBC_PTHREAD
[1.159s] -- Performing Test CMAKE_HAVE_LIBC_PTHREAD - Success
[1.159s] -- Found Threads: TRUE  
[1.204s] -- Found rclcpp_components: 16.0.15 (/opt/ros/humble/share/rclcpp_components/cmake)
[1.238s] [31mCMake Error at CMakeLists.txt:16 (find_package):
[1.238s]   By not providing "Findserial.cmake" in CMAKE_MODULE_PATH this project has
[1.238s]   asked CMake to find a package configuration file provided by "serial", but
[1.239s]   CMake did not find one.
[1.239s] 
[1.239s]   Could not find a package configuration file provided by "serial" with any
[1.239s]   of the following names:
[1.239s] 
[1.239s]     serialConfig.cmake
[1.239s]     serial-config.cmake
[1.239s] 
[1.239s]   Add the installation prefix of "serial" to CMAKE_PREFIX_PATH or set
[1.239s]   "serial_DIR" to a directory containing one of the above files.  If "serial"
[1.239s]   provides a separate development package or SDK, be sure it has been
[1.239s]   installed.
[1.239s] 
[1.239s] [0m
[1.239s] -- Configuring incomplete, errors occurred!
[1.240s] See also "/home/kaice/ros2_ws/build/xwr_config/CMakeFiles/CMakeOutput.log".
[1.250s] Invoked command in '/home/kaice/ros2_ws/build/xwr_config' returned '1': CMAKE_PREFIX_PATH=/home/kaice/ros2_ws/install/ti_mmwave_msgs:/home/kaice/ros2_ws/install/dca1000:/opt/ros/humble:/home/kaice/ros2_ws/install/radar_simulator LD_LIBRARY_PATH=/home/kaice/ros2_ws/install/ti_mmwave_msgs/lib:/home/kaice/ros2_ws/install/dca1000/lib:/home/kaice/ros2_ws/install/radar_simulator/lib:/opt/ros/humble/opt/rviz_ogre_vendor/lib:/opt/ros/humble/lib/x86_64-linux-gnu:/opt/ros/humble/lib /usr/bin/cmake /home/kaice/ros2_ws/src/ti_mmwave_ros2/src/xwr_config -DCMAKE_INSTALL_PREFIX=/home/kaice/ros2_ws/install/xwr_config
