[0.095s] DEBUG:colcon:Command line arguments: ['/usr/bin/colcon', 'build', '--packages-select', 'radar_simulator']
[0.095s] DEBUG:colcon:Parsed command line arguments: Namespace(log_base=None, log_level=None, verb_name='build', build_base='build', install_base='install', merge_install=False, symlink_install=False, test_result_base=None, continue_on_error=False, executor='parallel', parallel_workers=6, event_handlers=None, ignore_user_meta=False, metas=['./colcon.meta'], base_paths=['.'], packages_ignore=None, packages_ignore_regex=None, paths=None, packages_up_to=None, packages_up_to_regex=None, packages_above=None, packages_above_and_dependencies=None, packages_above_depth=None, packages_select_by_dep=None, packages_skip_by_dep=None, packages_skip_up_to=None, packages_select_build_failed=False, packages_skip_build_finished=False, packages_select_test_failures=False, packages_skip_test_passed=False, packages_select=['radar_simulator'], packages_skip=None, packages_select_regex=None, packages_skip_regex=None, packages_start=None, packages_end=None, allow_overriding=[], cmake_args=None, cmake_target=None, cmake_target_skip_unavailable=False, cmake_clean_cache=False, cmake_clean_first=False, cmake_force_configure=False, ament_cmake_args=None, catkin_cmake_args=None, catkin_skip_building_tests=False, verb_parser=<colcon_defaults.argument_parser.defaults.DefaultArgumentsDecorator object at 0x7d256413bcd0>, verb_extension=<colcon_core.verb.build.BuildVerb object at 0x7d256413b7c0>, main=<bound method BuildVerb.main of <colcon_core.verb.build.BuildVerb object at 0x7d256413b7c0>>)
[0.233s] Level 1:colcon.colcon_core.package_discovery:discover_packages(colcon_meta) check parameters
[0.233s] Level 1:colcon.colcon_core.package_discovery:discover_packages(recursive) check parameters
[0.233s] Level 1:colcon.colcon_core.package_discovery:discover_packages(ignore) check parameters
[0.233s] Level 1:colcon.colcon_core.package_discovery:discover_packages(path) check parameters
[0.233s] Level 1:colcon.colcon_core.package_discovery:discover_packages(colcon_meta) discover
[0.233s] Level 1:colcon.colcon_core.package_discovery:discover_packages(recursive) discover
[0.233s] INFO:colcon.colcon_core.package_discovery:Crawling recursively for packages in '/home/kaice/ros2_ws'
[0.233s] Level 1:colcon.colcon_core.package_identification:_identify(.) by extensions ['ignore', 'ignore_ament_install']
[0.233s] Level 1:colcon.colcon_core.package_identification:_identify(.) by extension 'ignore'
[0.234s] Level 1:colcon.colcon_core.package_identification:_identify(.) by extension 'ignore_ament_install'
[0.234s] Level 1:colcon.colcon_core.package_identification:_identify(.) by extensions ['colcon_pkg']
[0.234s] Level 1:colcon.colcon_core.package_identification:_identify(.) by extension 'colcon_pkg'
[0.234s] Level 1:colcon.colcon_core.package_identification:_identify(.) by extensions ['colcon_meta']
[0.234s] Level 1:colcon.colcon_core.package_identification:_identify(.) by extension 'colcon_meta'
[0.234s] Level 1:colcon.colcon_core.package_identification:_identify(.) by extensions ['ros']
[0.234s] Level 1:colcon.colcon_core.package_identification:_identify(.) by extension 'ros'
[0.247s] Level 1:colcon.colcon_core.package_identification:_identify(.) by extensions ['cmake', 'python']
[0.247s] Level 1:colcon.colcon_core.package_identification:_identify(.) by extension 'cmake'
[0.247s] Level 1:colcon.colcon_core.package_identification:_identify(.) by extension 'python'
[0.247s] Level 1:colcon.colcon_core.package_identification:_identify(.) by extensions ['python_setup_py']
[0.247s] Level 1:colcon.colcon_core.package_identification:_identify(.) by extension 'python_setup_py'
[0.247s] Level 1:colcon.colcon_core.package_identification:_identify(build) by extensions ['ignore', 'ignore_ament_install']
[0.247s] Level 1:colcon.colcon_core.package_identification:_identify(build) by extension 'ignore'
[0.247s] Level 1:colcon.colcon_core.package_identification:_identify(build) ignored
[0.247s] Level 1:colcon.colcon_core.package_identification:_identify(install) by extensions ['ignore', 'ignore_ament_install']
[0.247s] Level 1:colcon.colcon_core.package_identification:_identify(install) by extension 'ignore'
[0.247s] Level 1:colcon.colcon_core.package_identification:_identify(install) ignored
[0.247s] Level 1:colcon.colcon_core.package_identification:_identify(log) by extensions ['ignore', 'ignore_ament_install']
[0.248s] Level 1:colcon.colcon_core.package_identification:_identify(log) by extension 'ignore'
[0.248s] Level 1:colcon.colcon_core.package_identification:_identify(log) ignored
[0.248s] Level 1:colcon.colcon_core.package_identification:_identify(src) by extensions ['ignore', 'ignore_ament_install']
[0.248s] Level 1:colcon.colcon_core.package_identification:_identify(src) by extension 'ignore'
[0.248s] Level 1:colcon.colcon_core.package_identification:_identify(src) by extension 'ignore_ament_install'
[0.248s] Level 1:colcon.colcon_core.package_identification:_identify(src) by extensions ['colcon_pkg']
[0.248s] Level 1:colcon.colcon_core.package_identification:_identify(src) by extension 'colcon_pkg'
[0.248s] Level 1:colcon.colcon_core.package_identification:_identify(src) by extensions ['colcon_meta']
[0.248s] Level 1:colcon.colcon_core.package_identification:_identify(src) by extension 'colcon_meta'
[0.248s] Level 1:colcon.colcon_core.package_identification:_identify(src) by extensions ['ros']
[0.248s] Level 1:colcon.colcon_core.package_identification:_identify(src) by extension 'ros'
[0.248s] Level 1:colcon.colcon_core.package_identification:_identify(src) by extensions ['cmake', 'python']
[0.248s] Level 1:colcon.colcon_core.package_identification:_identify(src) by extension 'cmake'
[0.248s] Level 1:colcon.colcon_core.package_identification:_identify(src) by extension 'python'
[0.248s] Level 1:colcon.colcon_core.package_identification:_identify(src) by extensions ['python_setup_py']
[0.248s] Level 1:colcon.colcon_core.package_identification:_identify(src) by extension 'python_setup_py'
[0.248s] Level 1:colcon.colcon_core.package_identification:_identify(src/ethernet) by extensions ['ignore', 'ignore_ament_install']
[0.248s] Level 1:colcon.colcon_core.package_identification:_identify(src/ethernet) by extension 'ignore'
[0.248s] Level 1:colcon.colcon_core.package_identification:_identify(src/ethernet) by extension 'ignore_ament_install'
[0.248s] Level 1:colcon.colcon_core.package_identification:_identify(src/ethernet) by extensions ['colcon_pkg']
[0.248s] Level 1:colcon.colcon_core.package_identification:_identify(src/ethernet) by extension 'colcon_pkg'
[0.248s] Level 1:colcon.colcon_core.package_identification:_identify(src/ethernet) by extensions ['colcon_meta']
[0.248s] Level 1:colcon.colcon_core.package_identification:_identify(src/ethernet) by extension 'colcon_meta'
[0.248s] Level 1:colcon.colcon_core.package_identification:_identify(src/ethernet) by extensions ['ros']
[0.248s] Level 1:colcon.colcon_core.package_identification:_identify(src/ethernet) by extension 'ros'
[0.248s] Level 1:colcon.colcon_core.package_identification:_identify(src/ethernet) by extensions ['cmake', 'python']
[0.248s] Level 1:colcon.colcon_core.package_identification:_identify(src/ethernet) by extension 'cmake'
[0.248s] Level 1:colcon.colcon_core.package_identification:_identify(src/ethernet) by extension 'python'
[0.248s] Level 1:colcon.colcon_core.package_identification:_identify(src/ethernet) by extensions ['python_setup_py']
[0.249s] Level 1:colcon.colcon_core.package_identification:_identify(src/ethernet) by extension 'python_setup_py'
[0.249s] Level 1:colcon.colcon_core.package_identification:_identify(src/parsers) by extensions ['ignore', 'ignore_ament_install']
[0.249s] Level 1:colcon.colcon_core.package_identification:_identify(src/parsers) by extension 'ignore'
[0.250s] Level 1:colcon.colcon_core.package_identification:_identify(src/parsers) by extension 'ignore_ament_install'
[0.250s] Level 1:colcon.colcon_core.package_identification:_identify(src/parsers) by extensions ['colcon_pkg']
[0.250s] Level 1:colcon.colcon_core.package_identification:_identify(src/parsers) by extension 'colcon_pkg'
[0.250s] Level 1:colcon.colcon_core.package_identification:_identify(src/parsers) by extensions ['colcon_meta']
[0.250s] Level 1:colcon.colcon_core.package_identification:_identify(src/parsers) by extension 'colcon_meta'
[0.251s] Level 1:colcon.colcon_core.package_identification:_identify(src/parsers) by extensions ['ros']
[0.251s] Level 1:colcon.colcon_core.package_identification:_identify(src/parsers) by extension 'ros'
[0.251s] Level 1:colcon.colcon_core.package_identification:_identify(src/parsers) by extensions ['cmake', 'python']
[0.251s] Level 1:colcon.colcon_core.package_identification:_identify(src/parsers) by extension 'cmake'
[0.251s] Level 1:colcon.colcon_core.package_identification:_identify(src/parsers) by extension 'python'
[0.251s] Level 1:colcon.colcon_core.package_identification:_identify(src/parsers) by extensions ['python_setup_py']
[0.252s] Level 1:colcon.colcon_core.package_identification:_identify(src/parsers) by extension 'python_setup_py'
[0.252s] Level 1:colcon.colcon_core.package_identification:_identify(src/radar_simulator) by extensions ['ignore', 'ignore_ament_install']
[0.252s] Level 1:colcon.colcon_core.package_identification:_identify(src/radar_simulator) by extension 'ignore'
[0.252s] Level 1:colcon.colcon_core.package_identification:_identify(src/radar_simulator) by extension 'ignore_ament_install'
[0.252s] Level 1:colcon.colcon_core.package_identification:_identify(src/radar_simulator) by extensions ['colcon_pkg']
[0.252s] Level 1:colcon.colcon_core.package_identification:_identify(src/radar_simulator) by extension 'colcon_pkg'
[0.252s] Level 1:colcon.colcon_core.package_identification:_identify(src/radar_simulator) by extensions ['colcon_meta']
[0.252s] Level 1:colcon.colcon_core.package_identification:_identify(src/radar_simulator) by extension 'colcon_meta'
[0.252s] Level 1:colcon.colcon_core.package_identification:_identify(src/radar_simulator) by extensions ['ros']
[0.252s] Level 1:colcon.colcon_core.package_identification:_identify(src/radar_simulator) by extension 'ros'
[0.255s] DEBUG:colcon.colcon_core.package_identification:Package 'src/radar_simulator' with type 'ros.catkin' and name 'radar_simulator'
[0.256s] Level 1:colcon.colcon_core.package_identification:_identify(src/ti_mmwave_ros2) by extensions ['ignore', 'ignore_ament_install']
[0.256s] Level 1:colcon.colcon_core.package_identification:_identify(src/ti_mmwave_ros2) by extension 'ignore'
[0.256s] Level 1:colcon.colcon_core.package_identification:_identify(src/ti_mmwave_ros2) by extension 'ignore_ament_install'
[0.256s] Level 1:colcon.colcon_core.package_identification:_identify(src/ti_mmwave_ros2) by extensions ['colcon_pkg']
[0.256s] Level 1:colcon.colcon_core.package_identification:_identify(src/ti_mmwave_ros2) by extension 'colcon_pkg'
[0.256s] Level 1:colcon.colcon_core.package_identification:_identify(src/ti_mmwave_ros2) by extensions ['colcon_meta']
[0.256s] Level 1:colcon.colcon_core.package_identification:_identify(src/ti_mmwave_ros2) by extension 'colcon_meta'
[0.256s] Level 1:colcon.colcon_core.package_identification:_identify(src/ti_mmwave_ros2) by extensions ['ros']
[0.256s] Level 1:colcon.colcon_core.package_identification:_identify(src/ti_mmwave_ros2) by extension 'ros'
[0.256s] Level 1:colcon.colcon_core.package_identification:_identify(src/ti_mmwave_ros2) by extensions ['cmake', 'python']
[0.256s] Level 1:colcon.colcon_core.package_identification:_identify(src/ti_mmwave_ros2) by extension 'cmake'
[0.256s] Level 1:colcon.colcon_core.package_identification:_identify(src/ti_mmwave_ros2) by extension 'python'
[0.257s] Level 1:colcon.colcon_core.package_identification:_identify(src/ti_mmwave_ros2) by extensions ['python_setup_py']
[0.257s] Level 1:colcon.colcon_core.package_identification:_identify(src/ti_mmwave_ros2) by extension 'python_setup_py'
[0.257s] Level 1:colcon.colcon_core.package_identification:_identify(src/ti_mmwave_ros2/auxiliary) by extensions ['ignore', 'ignore_ament_install']
[0.257s] Level 1:colcon.colcon_core.package_identification:_identify(src/ti_mmwave_ros2/auxiliary) by extension 'ignore'
[0.257s] Level 1:colcon.colcon_core.package_identification:_identify(src/ti_mmwave_ros2/auxiliary) by extension 'ignore_ament_install'
[0.257s] Level 1:colcon.colcon_core.package_identification:_identify(src/ti_mmwave_ros2/auxiliary) by extensions ['colcon_pkg']
[0.257s] Level 1:colcon.colcon_core.package_identification:_identify(src/ti_mmwave_ros2/auxiliary) by extension 'colcon_pkg'
[0.257s] Level 1:colcon.colcon_core.package_identification:_identify(src/ti_mmwave_ros2/auxiliary) by extensions ['colcon_meta']
[0.258s] Level 1:colcon.colcon_core.package_identification:_identify(src/ti_mmwave_ros2/auxiliary) by extension 'colcon_meta'
[0.258s] Level 1:colcon.colcon_core.package_identification:_identify(src/ti_mmwave_ros2/auxiliary) by extensions ['ros']
[0.258s] Level 1:colcon.colcon_core.package_identification:_identify(src/ti_mmwave_ros2/auxiliary) by extension 'ros'
[0.258s] Level 1:colcon.colcon_core.package_identification:_identify(src/ti_mmwave_ros2/auxiliary) by extensions ['cmake', 'python']
[0.258s] Level 1:colcon.colcon_core.package_identification:_identify(src/ti_mmwave_ros2/auxiliary) by extension 'cmake'
[0.258s] Level 1:colcon.colcon_core.package_identification:_identify(src/ti_mmwave_ros2/auxiliary) by extension 'python'
[0.258s] Level 1:colcon.colcon_core.package_identification:_identify(src/ti_mmwave_ros2/auxiliary) by extensions ['python_setup_py']
[0.258s] Level 1:colcon.colcon_core.package_identification:_identify(src/ti_mmwave_ros2/auxiliary) by extension 'python_setup_py'
[0.258s] Level 1:colcon.colcon_core.package_identification:_identify(src/ti_mmwave_ros2/src) by extensions ['ignore', 'ignore_ament_install']
[0.258s] Level 1:colcon.colcon_core.package_identification:_identify(src/ti_mmwave_ros2/src) by extension 'ignore'
[0.258s] Level 1:colcon.colcon_core.package_identification:_identify(src/ti_mmwave_ros2/src) by extension 'ignore_ament_install'
[0.258s] Level 1:colcon.colcon_core.package_identification:_identify(src/ti_mmwave_ros2/src) by extensions ['colcon_pkg']
[0.258s] Level 1:colcon.colcon_core.package_identification:_identify(src/ti_mmwave_ros2/src) by extension 'colcon_pkg'
[0.258s] Level 1:colcon.colcon_core.package_identification:_identify(src/ti_mmwave_ros2/src) by extensions ['colcon_meta']
[0.258s] Level 1:colcon.colcon_core.package_identification:_identify(src/ti_mmwave_ros2/src) by extension 'colcon_meta'
[0.258s] Level 1:colcon.colcon_core.package_identification:_identify(src/ti_mmwave_ros2/src) by extensions ['ros']
[0.258s] Level 1:colcon.colcon_core.package_identification:_identify(src/ti_mmwave_ros2/src) by extension 'ros'
[0.258s] Level 1:colcon.colcon_core.package_identification:_identify(src/ti_mmwave_ros2/src) by extensions ['cmake', 'python']
[0.258s] Level 1:colcon.colcon_core.package_identification:_identify(src/ti_mmwave_ros2/src) by extension 'cmake'
[0.258s] Level 1:colcon.colcon_core.package_identification:_identify(src/ti_mmwave_ros2/src) by extension 'python'
[0.258s] Level 1:colcon.colcon_core.package_identification:_identify(src/ti_mmwave_ros2/src) by extensions ['python_setup_py']
[0.258s] Level 1:colcon.colcon_core.package_identification:_identify(src/ti_mmwave_ros2/src) by extension 'python_setup_py'
[0.259s] Level 1:colcon.colcon_core.package_identification:_identify(src/ti_mmwave_ros2/src/dca1000) by extensions ['ignore', 'ignore_ament_install']
[0.259s] Level 1:colcon.colcon_core.package_identification:_identify(src/ti_mmwave_ros2/src/dca1000) by extension 'ignore'
[0.259s] Level 1:colcon.colcon_core.package_identification:_identify(src/ti_mmwave_ros2/src/dca1000) by extension 'ignore_ament_install'
[0.259s] Level 1:colcon.colcon_core.package_identification:_identify(src/ti_mmwave_ros2/src/dca1000) by extensions ['colcon_pkg']
[0.259s] Level 1:colcon.colcon_core.package_identification:_identify(src/ti_mmwave_ros2/src/dca1000) by extension 'colcon_pkg'
[0.259s] Level 1:colcon.colcon_core.package_identification:_identify(src/ti_mmwave_ros2/src/dca1000) by extensions ['colcon_meta']
[0.259s] Level 1:colcon.colcon_core.package_identification:_identify(src/ti_mmwave_ros2/src/dca1000) by extension 'colcon_meta'
[0.259s] Level 1:colcon.colcon_core.package_identification:_identify(src/ti_mmwave_ros2/src/dca1000) by extensions ['ros']
[0.259s] Level 1:colcon.colcon_core.package_identification:_identify(src/ti_mmwave_ros2/src/dca1000) by extension 'ros'
[0.261s] DEBUG:colcon.colcon_core.package_identification:Package 'src/ti_mmwave_ros2/src/dca1000' with type 'ros.ament_cmake' and name 'dca1000'
[0.261s] Level 1:colcon.colcon_core.package_identification:_identify(src/ti_mmwave_ros2/src/ti_mmwave) by extensions ['ignore', 'ignore_ament_install']
[0.261s] Level 1:colcon.colcon_core.package_identification:_identify(src/ti_mmwave_ros2/src/ti_mmwave) by extension 'ignore'
[0.261s] Level 1:colcon.colcon_core.package_identification:_identify(src/ti_mmwave_ros2/src/ti_mmwave) by extension 'ignore_ament_install'
[0.261s] Level 1:colcon.colcon_core.package_identification:_identify(src/ti_mmwave_ros2/src/ti_mmwave) by extensions ['colcon_pkg']
[0.261s] Level 1:colcon.colcon_core.package_identification:_identify(src/ti_mmwave_ros2/src/ti_mmwave) by extension 'colcon_pkg'
[0.261s] Level 1:colcon.colcon_core.package_identification:_identify(src/ti_mmwave_ros2/src/ti_mmwave) by extensions ['colcon_meta']
[0.261s] Level 1:colcon.colcon_core.package_identification:_identify(src/ti_mmwave_ros2/src/ti_mmwave) by extension 'colcon_meta'
[0.261s] Level 1:colcon.colcon_core.package_identification:_identify(src/ti_mmwave_ros2/src/ti_mmwave) by extensions ['ros']
[0.261s] Level 1:colcon.colcon_core.package_identification:_identify(src/ti_mmwave_ros2/src/ti_mmwave) by extension 'ros'
[0.262s] DEBUG:colcon.colcon_core.package_identification:Package 'src/ti_mmwave_ros2/src/ti_mmwave' with type 'ros.ament_cmake' and name 'ti_mmwave'
[0.262s] Level 1:colcon.colcon_core.package_identification:_identify(src/ti_mmwave_ros2/src/ti_mmwave_msgs) by extensions ['ignore', 'ignore_ament_install']
[0.262s] Level 1:colcon.colcon_core.package_identification:_identify(src/ti_mmwave_ros2/src/ti_mmwave_msgs) by extension 'ignore'
[0.262s] Level 1:colcon.colcon_core.package_identification:_identify(src/ti_mmwave_ros2/src/ti_mmwave_msgs) by extension 'ignore_ament_install'
[0.262s] Level 1:colcon.colcon_core.package_identification:_identify(src/ti_mmwave_ros2/src/ti_mmwave_msgs) by extensions ['colcon_pkg']
[0.262s] Level 1:colcon.colcon_core.package_identification:_identify(src/ti_mmwave_ros2/src/ti_mmwave_msgs) by extension 'colcon_pkg'
[0.262s] Level 1:colcon.colcon_core.package_identification:_identify(src/ti_mmwave_ros2/src/ti_mmwave_msgs) by extensions ['colcon_meta']
[0.262s] Level 1:colcon.colcon_core.package_identification:_identify(src/ti_mmwave_ros2/src/ti_mmwave_msgs) by extension 'colcon_meta'
[0.262s] Level 1:colcon.colcon_core.package_identification:_identify(src/ti_mmwave_ros2/src/ti_mmwave_msgs) by extensions ['ros']
[0.263s] Level 1:colcon.colcon_core.package_identification:_identify(src/ti_mmwave_ros2/src/ti_mmwave_msgs) by extension 'ros'
[0.263s] DEBUG:colcon.colcon_core.package_identification:Package 'src/ti_mmwave_ros2/src/ti_mmwave_msgs' with type 'ros.ament_cmake' and name 'ti_mmwave_msgs'
[0.263s] Level 1:colcon.colcon_core.package_identification:_identify(src/ti_mmwave_ros2/src/xwr_config) by extensions ['ignore', 'ignore_ament_install']
[0.263s] Level 1:colcon.colcon_core.package_identification:_identify(src/ti_mmwave_ros2/src/xwr_config) by extension 'ignore'
[0.263s] Level 1:colcon.colcon_core.package_identification:_identify(src/ti_mmwave_ros2/src/xwr_config) by extension 'ignore_ament_install'
[0.263s] Level 1:colcon.colcon_core.package_identification:_identify(src/ti_mmwave_ros2/src/xwr_config) by extensions ['colcon_pkg']
[0.263s] Level 1:colcon.colcon_core.package_identification:_identify(src/ti_mmwave_ros2/src/xwr_config) by extension 'colcon_pkg'
[0.263s] Level 1:colcon.colcon_core.package_identification:_identify(src/ti_mmwave_ros2/src/xwr_config) by extensions ['colcon_meta']
[0.263s] Level 1:colcon.colcon_core.package_identification:_identify(src/ti_mmwave_ros2/src/xwr_config) by extension 'colcon_meta'
[0.263s] Level 1:colcon.colcon_core.package_identification:_identify(src/ti_mmwave_ros2/src/xwr_config) by extensions ['ros']
[0.263s] Level 1:colcon.colcon_core.package_identification:_identify(src/ti_mmwave_ros2/src/xwr_config) by extension 'ros'
[0.264s] DEBUG:colcon.colcon_core.package_identification:Package 'src/ti_mmwave_ros2/src/xwr_config' with type 'ros.ament_cmake' and name 'xwr_config'
[0.264s] Level 1:colcon.colcon_core.package_identification:_identify(src/ti_mmwave_ros2/src/xwr_data) by extensions ['ignore', 'ignore_ament_install']
[0.264s] Level 1:colcon.colcon_core.package_identification:_identify(src/ti_mmwave_ros2/src/xwr_data) by extension 'ignore'
[0.264s] Level 1:colcon.colcon_core.package_identification:_identify(src/ti_mmwave_ros2/src/xwr_data) by extension 'ignore_ament_install'
[0.264s] Level 1:colcon.colcon_core.package_identification:_identify(src/ti_mmwave_ros2/src/xwr_data) by extensions ['colcon_pkg']
[0.264s] Level 1:colcon.colcon_core.package_identification:_identify(src/ti_mmwave_ros2/src/xwr_data) by extension 'colcon_pkg'
[0.264s] Level 1:colcon.colcon_core.package_identification:_identify(src/ti_mmwave_ros2/src/xwr_data) by extensions ['colcon_meta']
[0.264s] Level 1:colcon.colcon_core.package_identification:_identify(src/ti_mmwave_ros2/src/xwr_data) by extension 'colcon_meta'
[0.264s] Level 1:colcon.colcon_core.package_identification:_identify(src/ti_mmwave_ros2/src/xwr_data) by extensions ['ros']
[0.264s] Level 1:colcon.colcon_core.package_identification:_identify(src/ti_mmwave_ros2/src/xwr_data) by extension 'ros'
[0.265s] DEBUG:colcon.colcon_core.package_identification:Package 'src/ti_mmwave_ros2/src/xwr_data' with type 'ros.ament_cmake' and name 'xwr_data'
[0.265s] Level 1:colcon.colcon_core.package_discovery:discover_packages(recursive) using defaults
[0.265s] Level 1:colcon.colcon_core.package_discovery:discover_packages(ignore) discover
[0.265s] Level 1:colcon.colcon_core.package_discovery:discover_packages(ignore) using defaults
[0.265s] Level 1:colcon.colcon_core.package_discovery:discover_packages(path) discover
[0.265s] Level 1:colcon.colcon_core.package_discovery:discover_packages(path) using defaults
[0.286s] INFO:colcon.colcon_core.package_selection:Skipping not selected package 'ti_mmwave_msgs' in 'src/ti_mmwave_ros2/src/ti_mmwave_msgs'
[0.286s] INFO:colcon.colcon_core.package_selection:Skipping not selected package 'dca1000' in 'src/ti_mmwave_ros2/src/dca1000'
[0.286s] INFO:colcon.colcon_core.package_selection:Skipping not selected package 'xwr_config' in 'src/ti_mmwave_ros2/src/xwr_config'
[0.286s] INFO:colcon.colcon_core.package_selection:Skipping not selected package 'xwr_data' in 'src/ti_mmwave_ros2/src/xwr_data'
[0.286s] INFO:colcon.colcon_core.package_selection:Skipping not selected package 'ti_mmwave' in 'src/ti_mmwave_ros2/src/ti_mmwave'
[0.286s] Level 1:colcon.colcon_core.package_discovery:discover_packages(prefix_path) check parameters
[0.286s] Level 1:colcon.colcon_core.package_discovery:discover_packages(prefix_path) discover
[0.288s] DEBUG:colcon.colcon_installed_package_information.package_discovery:Found 3 installed packages in /home/kaice/ros2_ws/install
[0.290s] DEBUG:colcon.colcon_installed_package_information.package_discovery:Found 271 installed packages in /opt/ros/humble
[0.302s] Level 1:colcon.colcon_core.package_discovery:discover_packages(prefix_path) using defaults
[0.336s] Level 5:colcon.colcon_core.verb:set package 'radar_simulator' build argument 'cmake_args' from command line to 'None'
[0.336s] Level 5:colcon.colcon_core.verb:set package 'radar_simulator' build argument 'cmake_target' from command line to 'None'
[0.336s] Level 5:colcon.colcon_core.verb:set package 'radar_simulator' build argument 'cmake_target_skip_unavailable' from command line to 'False'
[0.336s] Level 5:colcon.colcon_core.verb:set package 'radar_simulator' build argument 'cmake_clean_cache' from command line to 'False'
[0.336s] Level 5:colcon.colcon_core.verb:set package 'radar_simulator' build argument 'cmake_clean_first' from command line to 'False'
[0.336s] Level 5:colcon.colcon_core.verb:set package 'radar_simulator' build argument 'cmake_force_configure' from command line to 'False'
[0.336s] Level 5:colcon.colcon_core.verb:set package 'radar_simulator' build argument 'ament_cmake_args' from command line to 'None'
[0.336s] Level 5:colcon.colcon_core.verb:set package 'radar_simulator' build argument 'catkin_cmake_args' from command line to 'None'
[0.336s] Level 5:colcon.colcon_core.verb:set package 'radar_simulator' build argument 'catkin_skip_building_tests' from command line to 'False'
[0.336s] DEBUG:colcon.colcon_core.verb:Building package 'radar_simulator' with the following arguments: {'ament_cmake_args': None, 'build_base': '/home/kaice/ros2_ws/build/radar_simulator', 'catkin_cmake_args': None, 'catkin_skip_building_tests': False, 'cmake_args': None, 'cmake_clean_cache': False, 'cmake_clean_first': False, 'cmake_force_configure': False, 'cmake_target': None, 'cmake_target_skip_unavailable': False, 'install_base': '/home/kaice/ros2_ws/install/radar_simulator', 'merge_install': False, 'path': '/home/kaice/ros2_ws/src/radar_simulator', 'symlink_install': False, 'test_result_base': None}
[0.336s] INFO:colcon.colcon_core.executor:Executing jobs using 'parallel' executor
[0.338s] DEBUG:colcon.colcon_parallel_executor.executor.parallel:run_until_complete
[0.338s] INFO:colcon.colcon_ros.task.catkin.build:Building ROS package in '/home/kaice/ros2_ws/src/radar_simulator' with build type 'catkin'
[0.338s] INFO:colcon.colcon_cmake.task.cmake.build:Building CMake package in '/home/kaice/ros2_ws/src/radar_simulator'
[0.341s] INFO:colcon.colcon_core.plugin_system:Skipping extension 'colcon_core.shell.bat': Not used on non-Windows systems
[0.341s] INFO:colcon.colcon_core.shell:Skip shell extension 'powershell' for command environment: Not usable outside of PowerShell
[0.341s] DEBUG:colcon.colcon_core.shell:Skip shell extension 'dsv' for command environment
[0.358s] DEBUG:colcon.colcon_core.event_handler.log_command:Invoking command in '/home/kaice/ros2_ws/build/radar_simulator': /usr/bin/cmake --build /home/kaice/ros2_ws/build/radar_simulator -- -j6 -l6
[0.825s] DEBUG:colcon.colcon_core.event_handler.log_command:Invoked command in '/home/kaice/ros2_ws/build/radar_simulator' returned '0': /usr/bin/cmake --build /home/kaice/ros2_ws/build/radar_simulator -- -j6 -l6
[0.840s] DEBUG:colcon.colcon_core.event_handler.log_command:Invoking command in '/home/kaice/ros2_ws/build/radar_simulator': /usr/bin/cmake --install /home/kaice/ros2_ws/build/radar_simulator
[0.903s] Level 1:colcon.colcon_core.shell:create_environment_hook('radar_simulator', 'ros_package_path')
[0.903s] INFO:colcon.colcon_core.shell:Creating environment hook '/home/kaice/ros2_ws/install/radar_simulator/share/radar_simulator/hook/ros_package_path.ps1'
[0.904s] INFO:colcon.colcon_core.shell:Creating environment descriptor '/home/kaice/ros2_ws/install/radar_simulator/share/radar_simulator/hook/ros_package_path.dsv'
[0.905s] INFO:colcon.colcon_core.shell:Creating environment hook '/home/kaice/ros2_ws/install/radar_simulator/share/radar_simulator/hook/ros_package_path.sh'
[0.905s] Level 1:colcon.colcon_ros.task.catkin:checking '/home/kaice/ros2_ws/install/radar_simulator/local/lib/python3.10/dist-packages'
[0.905s] Level 1:colcon.colcon_core.shell:create_environment_hook('radar_simulator', 'catkin_pythonpath')
[0.905s] INFO:colcon.colcon_core.shell:Creating environment hook '/home/kaice/ros2_ws/install/radar_simulator/share/radar_simulator/hook/catkin_pythonpath.ps1'
[0.906s] INFO:colcon.colcon_core.shell:Creating environment descriptor '/home/kaice/ros2_ws/install/radar_simulator/share/radar_simulator/hook/catkin_pythonpath.dsv'
[0.906s] INFO:colcon.colcon_core.shell:Creating environment hook '/home/kaice/ros2_ws/install/radar_simulator/share/radar_simulator/hook/catkin_pythonpath.sh'
[0.907s] Level 1:colcon.colcon_core.shell:create_environment_hook('radar_simulator', 'pkg_config_path')
[0.907s] INFO:colcon.colcon_core.shell:Creating environment hook '/home/kaice/ros2_ws/install/radar_simulator/share/radar_simulator/hook/pkg_config_path.ps1'
[0.908s] DEBUG:colcon.colcon_core.event_handler.log_command:Invoked command in '/home/kaice/ros2_ws/build/radar_simulator' returned '0': /usr/bin/cmake --install /home/kaice/ros2_ws/build/radar_simulator
[0.909s] INFO:colcon.colcon_core.shell:Creating environment descriptor '/home/kaice/ros2_ws/install/radar_simulator/share/radar_simulator/hook/pkg_config_path.dsv'
[0.910s] INFO:colcon.colcon_core.shell:Creating environment hook '/home/kaice/ros2_ws/install/radar_simulator/share/radar_simulator/hook/pkg_config_path.sh'
[0.914s] Level 1:colcon.colcon_core.shell:create_environment_hook('radar_simulator', 'pkg_config_path_multiarch')
[0.915s] INFO:colcon.colcon_core.shell:Creating environment hook '/home/kaice/ros2_ws/install/radar_simulator/share/radar_simulator/hook/pkg_config_path_multiarch.ps1'
[0.915s] INFO:colcon.colcon_core.shell:Creating environment descriptor '/home/kaice/ros2_ws/install/radar_simulator/share/radar_simulator/hook/pkg_config_path_multiarch.dsv'
[0.916s] INFO:colcon.colcon_core.shell:Creating environment hook '/home/kaice/ros2_ws/install/radar_simulator/share/radar_simulator/hook/pkg_config_path_multiarch.sh'
[0.917s] Level 1:colcon.colcon_core.environment:create_environment_scripts_only(radar_simulator)
[0.919s] Level 1:colcon.colcon_core.environment:checking '/home/kaice/ros2_ws/install/radar_simulator' for CMake module files
[0.919s] Level 1:colcon.colcon_core.environment:checking '/home/kaice/ros2_ws/install/radar_simulator' for CMake config files
[0.920s] Level 1:colcon.colcon_core.shell:create_environment_hook('radar_simulator', 'cmake_prefix_path')
[0.920s] INFO:colcon.colcon_core.shell:Creating environment hook '/home/kaice/ros2_ws/install/radar_simulator/share/radar_simulator/hook/cmake_prefix_path.ps1'
[0.920s] INFO:colcon.colcon_core.shell:Creating environment descriptor '/home/kaice/ros2_ws/install/radar_simulator/share/radar_simulator/hook/cmake_prefix_path.dsv'
[0.921s] INFO:colcon.colcon_core.shell:Creating environment hook '/home/kaice/ros2_ws/install/radar_simulator/share/radar_simulator/hook/cmake_prefix_path.sh'
[0.921s] Level 1:colcon.colcon_core.environment:checking '/home/kaice/ros2_ws/install/radar_simulator/lib'
[0.921s] Level 1:colcon.colcon_core.shell:create_environment_hook('radar_simulator', 'ld_library_path_lib')
[0.921s] INFO:colcon.colcon_core.shell:Creating environment hook '/home/kaice/ros2_ws/install/radar_simulator/share/radar_simulator/hook/ld_library_path_lib.ps1'
[0.922s] INFO:colcon.colcon_core.shell:Creating environment descriptor '/home/kaice/ros2_ws/install/radar_simulator/share/radar_simulator/hook/ld_library_path_lib.dsv'
[0.922s] INFO:colcon.colcon_core.shell:Creating environment hook '/home/kaice/ros2_ws/install/radar_simulator/share/radar_simulator/hook/ld_library_path_lib.sh'
[0.923s] Level 1:colcon.colcon_core.environment:checking '/home/kaice/ros2_ws/install/radar_simulator/bin'
[0.923s] Level 1:colcon.colcon_core.environment:checking '/home/kaice/ros2_ws/install/radar_simulator/lib/pkgconfig/radar_simulator.pc'
[0.923s] Level 1:colcon.colcon_core.environment:checking '/home/kaice/ros2_ws/install/radar_simulator/lib/python3.10/site-packages'
[0.923s] Level 1:colcon.colcon_core.environment:checking '/home/kaice/ros2_ws/install/radar_simulator/bin'
[0.924s] INFO:colcon.colcon_core.shell:Creating package script '/home/kaice/ros2_ws/install/radar_simulator/share/radar_simulator/package.ps1'
[0.925s] INFO:colcon.colcon_core.shell:Creating package descriptor '/home/kaice/ros2_ws/install/radar_simulator/share/radar_simulator/package.dsv'
[0.926s] INFO:colcon.colcon_core.shell:Creating package script '/home/kaice/ros2_ws/install/radar_simulator/share/radar_simulator/package.sh'
[0.927s] INFO:colcon.colcon_core.shell:Creating package script '/home/kaice/ros2_ws/install/radar_simulator/share/radar_simulator/package.bash'
[0.928s] INFO:colcon.colcon_core.shell:Creating package script '/home/kaice/ros2_ws/install/radar_simulator/share/radar_simulator/package.zsh'
[0.928s] Level 1:colcon.colcon_core.environment:create_file_with_runtime_dependencies(/home/kaice/ros2_ws/install/radar_simulator/share/colcon-core/packages/radar_simulator)
[0.929s] DEBUG:colcon.colcon_parallel_executor.executor.parallel:closing loop
[0.930s] DEBUG:colcon.colcon_parallel_executor.executor.parallel:loop closed
[0.930s] DEBUG:colcon.colcon_parallel_executor.executor.parallel:run_until_complete finished with '0'
[0.930s] DEBUG:colcon.colcon_core.event_reactor:joining thread
[0.936s] INFO:colcon.colcon_core.plugin_system:Skipping extension 'colcon_notification.desktop_notification.terminal_notifier': Not used on non-Darwin systems
[0.936s] INFO:colcon.colcon_core.plugin_system:Skipping extension 'colcon_notification.desktop_notification.win32': Not used on non-Windows systems
[0.936s] INFO:colcon.colcon_notification.desktop_notification:Sending desktop notification using 'notify2'
[0.950s] DEBUG:colcon.colcon_core.event_reactor:joined thread
[0.951s] INFO:colcon.colcon_core.shell:Creating prefix script '/home/kaice/ros2_ws/install/local_setup.ps1'
[0.952s] INFO:colcon.colcon_core.shell:Creating prefix util module '/home/kaice/ros2_ws/install/_local_setup_util_ps1.py'
[0.953s] INFO:colcon.colcon_core.shell:Creating prefix chain script '/home/kaice/ros2_ws/install/setup.ps1'
[0.954s] INFO:colcon.colcon_core.shell:Creating prefix script '/home/kaice/ros2_ws/install/local_setup.sh'
[0.955s] INFO:colcon.colcon_core.shell:Creating prefix util module '/home/kaice/ros2_ws/install/_local_setup_util_sh.py'
[0.956s] INFO:colcon.colcon_core.shell:Creating prefix chain script '/home/kaice/ros2_ws/install/setup.sh'
[0.957s] INFO:colcon.colcon_core.shell:Creating prefix script '/home/kaice/ros2_ws/install/local_setup.bash'
[0.957s] INFO:colcon.colcon_core.shell:Creating prefix chain script '/home/kaice/ros2_ws/install/setup.bash'
[0.958s] INFO:colcon.colcon_core.shell:Creating prefix script '/home/kaice/ros2_ws/install/local_setup.zsh'
[0.959s] INFO:colcon.colcon_core.shell:Creating prefix chain script '/home/kaice/ros2_ws/install/setup.zsh'
