-- The C compiler identification is GNU 11.4.0
-- The CXX compiler identification is GNU 11.4.0
-- Detecting C compiler ABI info
-- Detecting C compiler ABI info - done
-- Check for working C compiler: /usr/bin/cc - skipped
-- Detecting C compile features
-- Detecting C compile features - done
-- Detecting CXX compiler ABI info
-- Detecting CXX compiler ABI info - done
-- Check for working CXX compiler: /usr/bin/c++ - skipped
-- Detecting CXX compile features
-- Detecting CXX compile features - done
-- Found ament_cmake: 1.3.12 (/opt/ros/humble/share/ament_cmake/cmake)
-- Found Python3: /usr/bin/python3 (found version "3.10.12") found components: Interpreter 
-- Found ament_lint_auto: 0.12.14 (/opt/ros/humble/share/ament_lint_auto/cmake)
-- Added test 'copyright' to check source files copyright and LICENSE
-- Added test 'cppcheck' to perform static code analysis on C / C++ code
-- Configured cppcheck include dirs: 
-- Configured cppcheck exclude dirs and/or files: 
-- Added test 'cpplint' to check C / C++ code against the Google style
-- Configured cpplint exclude dirs and/or files: 
-- Added test 'flake8' to check Python code syntax and style conventions
-- Added test 'lint_cmake' to check CMake code style
-- Added test 'pep257' to check Python code against some of the docstring style conventions in PEP 257
-- Added test 'uncrustify' to check C / C++ code style
-- Configured uncrustify additional arguments: 
-- Added test 'xmllint' to check XML markup files
-- Configuring done
-- Generating done
-- Build files have been written to: /home/kaice/ros2_ws/build/dca1000
[ 50%] [32mBuilding C object CMakeFiles/cbuffer.dir/src/circular_buffer.c.o[0m
[ 50%] Built target ament_cmake_python_copy_dca1000_setup
[ 50%] Built target ament_cmake_python_copy_dca1000
[100%] [32m[1mLinking C shared library libcbuffer.so[0m
[100%] Built target cbuffer
running install_scripts
/usr/lib/python3/dist-packages/setuptools/command/install.py:34: SetuptoolsDeprecationWarning: setup.py install is deprecated. Use build and pip and other standards-based tools.
  warnings.warn(
running egg_info
creating dca1000.egg-info
writing dca1000.egg-info/PKG-INFO
writing dependency_links to dca1000.egg-info/dependency_links.txt
writing entry points to dca1000.egg-info/entry_points.txt
writing top-level names to dca1000.egg-info/top_level.txt
writing manifest file 'dca1000.egg-info/SOURCES.txt'
reading manifest file 'dca1000.egg-info/SOURCES.txt'
writing manifest file 'dca1000.egg-info/SOURCES.txt'
running egg_info
writing dca1000.egg-info/PKG-INFO
writing dependency_links to dca1000.egg-info/dependency_links.txt
writing entry points to dca1000.egg-info/entry_points.txt
writing top-level names to dca1000.egg-info/top_level.txt
reading manifest file 'dca1000.egg-info/SOURCES.txt'
writing manifest file 'dca1000.egg-info/SOURCES.txt'
Installing dca1000 script to scripts
[100%] Built target ament_cmake_python_build_dca1000_egg
[100%] Built target ament_cmake_python_build_dca1000_scripts
-- Install configuration: ""
-- Installing: /home/kaice/ros2_ws/install/dca1000/lib/libcbuffer.so
-- Installing: /home/kaice/ros2_ws/install/dca1000/share/dca1000/environment/pythonpath.sh
-- Installing: /home/kaice/ros2_ws/install/dca1000/share/dca1000/environment/pythonpath.dsv
-- Installing: /home/kaice/ros2_ws/install/dca1000/local/lib/python3.10/dist-packages/dca1000-0.0.0-py3.10.egg-info
-- Installing: /home/kaice/ros2_ws/install/dca1000/local/lib/python3.10/dist-packages/dca1000-0.0.0-py3.10.egg-info/entry_points.txt
-- Installing: /home/kaice/ros2_ws/install/dca1000/local/lib/python3.10/dist-packages/dca1000-0.0.0-py3.10.egg-info/SOURCES.txt
-- Installing: /home/kaice/ros2_ws/install/dca1000/local/lib/python3.10/dist-packages/dca1000-0.0.0-py3.10.egg-info/top_level.txt
-- Installing: /home/kaice/ros2_ws/install/dca1000/local/lib/python3.10/dist-packages/dca1000-0.0.0-py3.10.egg-info/dependency_links.txt
-- Installing: /home/kaice/ros2_ws/install/dca1000/local/lib/python3.10/dist-packages/dca1000-0.0.0-py3.10.egg-info/PKG-INFO
-- Installing: /home/kaice/ros2_ws/install/dca1000/lib/dca1000/
-- Installing: /home/kaice/ros2_ws/install/dca1000/lib/dca1000//dca1000
-- Installing: /home/kaice/ros2_ws/install/dca1000/local/lib/python3.10/dist-packages/dca1000
-- Installing: /home/kaice/ros2_ws/install/dca1000/local/lib/python3.10/dist-packages/dca1000/raw_mmwave_node.py
-- Installing: /home/kaice/ros2_ws/install/dca1000/local/lib/python3.10/dist-packages/dca1000/__init__.py
-- Installing: /home/kaice/ros2_ws/install/dca1000/local/lib/python3.10/dist-packages/dca1000/ring_buffer.py
Listing '/home/kaice/ros2_ws/install/dca1000/local/lib/python3.10/dist-packages/dca1000'...
Compiling '/home/kaice/ros2_ws/install/dca1000/local/lib/python3.10/dist-packages/dca1000/__init__.py'...
Compiling '/home/kaice/ros2_ws/install/dca1000/local/lib/python3.10/dist-packages/dca1000/raw_mmwave_node.py'...
Compiling '/home/kaice/ros2_ws/install/dca1000/local/lib/python3.10/dist-packages/dca1000/ring_buffer.py'...
-- Installing: /home/kaice/ros2_ws/install/dca1000/share/ament_index/resource_index/package_run_dependencies/dca1000
-- Installing: /home/kaice/ros2_ws/install/dca1000/share/ament_index/resource_index/parent_prefix_path/dca1000
-- Installing: /home/kaice/ros2_ws/install/dca1000/share/dca1000/environment/ament_prefix_path.sh
-- Installing: /home/kaice/ros2_ws/install/dca1000/share/dca1000/environment/ament_prefix_path.dsv
-- Installing: /home/kaice/ros2_ws/install/dca1000/share/dca1000/environment/path.sh
-- Installing: /home/kaice/ros2_ws/install/dca1000/share/dca1000/environment/path.dsv
-- Installing: /home/kaice/ros2_ws/install/dca1000/share/dca1000/local_setup.bash
-- Installing: /home/kaice/ros2_ws/install/dca1000/share/dca1000/local_setup.sh
-- Installing: /home/kaice/ros2_ws/install/dca1000/share/dca1000/local_setup.zsh
-- Installing: /home/kaice/ros2_ws/install/dca1000/share/dca1000/local_setup.dsv
-- Installing: /home/kaice/ros2_ws/install/dca1000/share/dca1000/package.dsv
-- Installing: /home/kaice/ros2_ws/install/dca1000/share/ament_index/resource_index/packages/dca1000
-- Installing: /home/kaice/ros2_ws/install/dca1000/share/dca1000/cmake/dca1000Config.cmake
-- Installing: /home/kaice/ros2_ws/install/dca1000/share/dca1000/cmake/dca1000Config-version.cmake
-- Installing: /home/kaice/ros2_ws/install/dca1000/share/dca1000/package.xml
