[0.020s] Invoking command in '/home/kaice/ros2_ws/build/dca1000': CMAKE_PREFIX_PATH=/home/kaice/ros2_ws/install/ti_mmwave_msgs:/home/kaice/ros2_ws/install/dca1000:/opt/ros/humble:/home/kaice/ros2_ws/install/radar_simulator LD_LIBRARY_PATH=/home/kaice/ros2_ws/install/ti_mmwave_msgs/lib:/home/kaice/ros2_ws/install/dca1000/lib:/home/kaice/ros2_ws/install/radar_simulator/lib:/opt/ros/humble/opt/rviz_ogre_vendor/lib:/opt/ros/humble/lib/x86_64-linux-gnu:/opt/ros/humble/lib /usr/bin/cmake /home/kaice/ros2_ws/src/ti_mmwave_ros2/src/dca1000 -DCMAKE_INSTALL_PREFIX=/home/kaice/ros2_ws/install/dca1000
[0.087s] -- The C compiler identification is GNU 11.4.0
[0.165s] -- The CXX compiler identification is GNU 11.4.0
[0.173s] -- Detecting C compiler ABI info
[0.271s] -- Detecting C compiler ABI info - done
[0.277s] -- Check for working C compiler: /usr/bin/cc - skipped
[0.278s] -- Detecting C compile features
[0.278s] -- Detecting C compile features - done
[0.280s] -- Detecting CXX compiler ABI info
[0.389s] -- Detecting CXX compiler ABI info - done
[0.396s] -- Check for working CXX compiler: /usr/bin/c++ - skipped
[0.396s] -- Detecting CXX compile features
[0.397s] -- Detecting CXX compile features - done
[0.399s] -- Found ament_cmake: 1.3.12 (/opt/ros/humble/share/ament_cmake/cmake)
[0.570s] -- Found Python3: /usr/bin/python3 (found version "3.10.12") found components: Interpreter 
[0.734s] -- Found ament_lint_auto: 0.12.14 (/opt/ros/humble/share/ament_lint_auto/cmake)
[0.801s] -- Added test 'copyright' to check source files copyright and LICENSE
[0.802s] -- Added test 'cppcheck' to perform static code analysis on C / C++ code
[0.802s] -- Configured cppcheck include dirs: 
[0.802s] -- Configured cppcheck exclude dirs and/or files: 
[0.803s] -- Added test 'cpplint' to check C / C++ code against the Google style
[0.803s] -- Configured cpplint exclude dirs and/or files: 
[0.803s] -- Added test 'flake8' to check Python code syntax and style conventions
[0.804s] -- Added test 'lint_cmake' to check CMake code style
[0.804s] -- Added test 'pep257' to check Python code against some of the docstring style conventions in PEP 257
[0.805s] -- Added test 'uncrustify' to check C / C++ code style
[0.805s] -- Configured uncrustify additional arguments: 
[0.805s] -- Added test 'xmllint' to check XML markup files
[0.806s] -- Configuring done
[0.813s] -- Generating done
[0.826s] -- Build files have been written to: /home/kaice/ros2_ws/build/dca1000
[0.832s] Invoked command in '/home/kaice/ros2_ws/build/dca1000' returned '0': CMAKE_PREFIX_PATH=/home/kaice/ros2_ws/install/ti_mmwave_msgs:/home/kaice/ros2_ws/install/dca1000:/opt/ros/humble:/home/kaice/ros2_ws/install/radar_simulator LD_LIBRARY_PATH=/home/kaice/ros2_ws/install/ti_mmwave_msgs/lib:/home/kaice/ros2_ws/install/dca1000/lib:/home/kaice/ros2_ws/install/radar_simulator/lib:/opt/ros/humble/opt/rviz_ogre_vendor/lib:/opt/ros/humble/lib/x86_64-linux-gnu:/opt/ros/humble/lib /usr/bin/cmake /home/kaice/ros2_ws/src/ti_mmwave_ros2/src/dca1000 -DCMAKE_INSTALL_PREFIX=/home/kaice/ros2_ws/install/dca1000
[0.835s] Invoking command in '/home/kaice/ros2_ws/build/dca1000': CMAKE_PREFIX_PATH=/home/kaice/ros2_ws/install/ti_mmwave_msgs:/home/kaice/ros2_ws/install/dca1000:/opt/ros/humble:/home/kaice/ros2_ws/install/radar_simulator LD_LIBRARY_PATH=/home/kaice/ros2_ws/install/ti_mmwave_msgs/lib:/home/kaice/ros2_ws/install/dca1000/lib:/home/kaice/ros2_ws/install/radar_simulator/lib:/opt/ros/humble/opt/rviz_ogre_vendor/lib:/opt/ros/humble/lib/x86_64-linux-gnu:/opt/ros/humble/lib /usr/bin/cmake --build /home/kaice/ros2_ws/build/dca1000 -- -j6 -l6
[0.902s] [ 50%] [32mBuilding C object CMakeFiles/cbuffer.dir/src/circular_buffer.c.o[0m
[0.915s] [ 50%] Built target ament_cmake_python_copy_dca1000_setup
[0.916s] [ 50%] Built target ament_cmake_python_copy_dca1000
[0.945s] [100%] [32m[1mLinking C shared library libcbuffer.so[0m
[0.987s] [100%] Built target cbuffer
[1.115s] running install_scripts
[1.116s] /usr/lib/python3/dist-packages/setuptools/command/install.py:34: SetuptoolsDeprecationWarning: setup.py install is deprecated. Use build and pip and other standards-based tools.
[1.116s]   warnings.warn(
[1.120s] running egg_info
[1.128s] creating dca1000.egg-info
[1.134s] writing dca1000.egg-info/PKG-INFO
[1.134s] writing dependency_links to dca1000.egg-info/dependency_links.txt
[1.134s] writing entry points to dca1000.egg-info/entry_points.txt
[1.134s] writing top-level names to dca1000.egg-info/top_level.txt
[1.135s] writing manifest file 'dca1000.egg-info/SOURCES.txt'
[1.137s] reading manifest file 'dca1000.egg-info/SOURCES.txt'
[1.137s] writing manifest file 'dca1000.egg-info/SOURCES.txt'
[1.151s] running egg_info
[1.164s] writing dca1000.egg-info/PKG-INFO
[1.164s] writing dependency_links to dca1000.egg-info/dependency_links.txt
[1.164s] writing entry points to dca1000.egg-info/entry_points.txt
[1.164s] writing top-level names to dca1000.egg-info/top_level.txt
[1.164s] reading manifest file 'dca1000.egg-info/SOURCES.txt'
[1.164s] writing manifest file 'dca1000.egg-info/SOURCES.txt'
[1.164s] Installing dca1000 script to scripts
[1.178s] [100%] Built target ament_cmake_python_build_dca1000_egg
[1.208s] [100%] Built target ament_cmake_python_build_dca1000_scripts
[1.225s] Invoked command in '/home/kaice/ros2_ws/build/dca1000' returned '0': CMAKE_PREFIX_PATH=/home/kaice/ros2_ws/install/ti_mmwave_msgs:/home/kaice/ros2_ws/install/dca1000:/opt/ros/humble:/home/kaice/ros2_ws/install/radar_simulator LD_LIBRARY_PATH=/home/kaice/ros2_ws/install/ti_mmwave_msgs/lib:/home/kaice/ros2_ws/install/dca1000/lib:/home/kaice/ros2_ws/install/radar_simulator/lib:/opt/ros/humble/opt/rviz_ogre_vendor/lib:/opt/ros/humble/lib/x86_64-linux-gnu:/opt/ros/humble/lib /usr/bin/cmake --build /home/kaice/ros2_ws/build/dca1000 -- -j6 -l6
[1.229s] Invoking command in '/home/kaice/ros2_ws/build/dca1000': CMAKE_PREFIX_PATH=/home/kaice/ros2_ws/install/ti_mmwave_msgs:/home/kaice/ros2_ws/install/dca1000:/opt/ros/humble:/home/kaice/ros2_ws/install/radar_simulator LD_LIBRARY_PATH=/home/kaice/ros2_ws/install/ti_mmwave_msgs/lib:/home/kaice/ros2_ws/install/dca1000/lib:/home/kaice/ros2_ws/install/radar_simulator/lib:/opt/ros/humble/opt/rviz_ogre_vendor/lib:/opt/ros/humble/lib/x86_64-linux-gnu:/opt/ros/humble/lib /usr/bin/cmake --install /home/kaice/ros2_ws/build/dca1000
[1.238s] -- Install configuration: ""
[1.238s] -- Installing: /home/kaice/ros2_ws/install/dca1000/lib/libcbuffer.so
[1.239s] -- Installing: /home/kaice/ros2_ws/install/dca1000/share/dca1000/environment/pythonpath.sh
[1.239s] -- Installing: /home/kaice/ros2_ws/install/dca1000/share/dca1000/environment/pythonpath.dsv
[1.239s] -- Installing: /home/kaice/ros2_ws/install/dca1000/local/lib/python3.10/dist-packages/dca1000-0.0.0-py3.10.egg-info
[1.240s] -- Installing: /home/kaice/ros2_ws/install/dca1000/local/lib/python3.10/dist-packages/dca1000-0.0.0-py3.10.egg-info/entry_points.txt
[1.240s] -- Installing: /home/kaice/ros2_ws/install/dca1000/local/lib/python3.10/dist-packages/dca1000-0.0.0-py3.10.egg-info/SOURCES.txt
[1.240s] -- Installing: /home/kaice/ros2_ws/install/dca1000/local/lib/python3.10/dist-packages/dca1000-0.0.0-py3.10.egg-info/top_level.txt
[1.240s] -- Installing: /home/kaice/ros2_ws/install/dca1000/local/lib/python3.10/dist-packages/dca1000-0.0.0-py3.10.egg-info/dependency_links.txt
[1.240s] -- Installing: /home/kaice/ros2_ws/install/dca1000/local/lib/python3.10/dist-packages/dca1000-0.0.0-py3.10.egg-info/PKG-INFO
[1.240s] -- Installing: /home/kaice/ros2_ws/install/dca1000/lib/dca1000/
[1.241s] -- Installing: /home/kaice/ros2_ws/install/dca1000/lib/dca1000//dca1000
[1.241s] -- Installing: /home/kaice/ros2_ws/install/dca1000/local/lib/python3.10/dist-packages/dca1000
[1.241s] -- Installing: /home/kaice/ros2_ws/install/dca1000/local/lib/python3.10/dist-packages/dca1000/raw_mmwave_node.py
[1.242s] -- Installing: /home/kaice/ros2_ws/install/dca1000/local/lib/python3.10/dist-packages/dca1000/__init__.py
[1.244s] -- Installing: /home/kaice/ros2_ws/install/dca1000/local/lib/python3.10/dist-packages/dca1000/ring_buffer.py
[1.281s] Listing '/home/kaice/ros2_ws/install/dca1000/local/lib/python3.10/dist-packages/dca1000'...
[1.282s] Compiling '/home/kaice/ros2_ws/install/dca1000/local/lib/python3.10/dist-packages/dca1000/__init__.py'...
[1.282s] Compiling '/home/kaice/ros2_ws/install/dca1000/local/lib/python3.10/dist-packages/dca1000/raw_mmwave_node.py'...
[1.282s] Compiling '/home/kaice/ros2_ws/install/dca1000/local/lib/python3.10/dist-packages/dca1000/ring_buffer.py'...
[1.286s] -- Installing: /home/kaice/ros2_ws/install/dca1000/share/ament_index/resource_index/package_run_dependencies/dca1000
[1.286s] -- Installing: /home/kaice/ros2_ws/install/dca1000/share/ament_index/resource_index/parent_prefix_path/dca1000
[1.287s] -- Installing: /home/kaice/ros2_ws/install/dca1000/share/dca1000/environment/ament_prefix_path.sh
[1.287s] -- Installing: /home/kaice/ros2_ws/install/dca1000/share/dca1000/environment/ament_prefix_path.dsv
[1.287s] -- Installing: /home/kaice/ros2_ws/install/dca1000/share/dca1000/environment/path.sh
[1.287s] -- Installing: /home/kaice/ros2_ws/install/dca1000/share/dca1000/environment/path.dsv
[1.287s] -- Installing: /home/kaice/ros2_ws/install/dca1000/share/dca1000/local_setup.bash
[1.287s] -- Installing: /home/kaice/ros2_ws/install/dca1000/share/dca1000/local_setup.sh
[1.288s] -- Installing: /home/kaice/ros2_ws/install/dca1000/share/dca1000/local_setup.zsh
[1.288s] -- Installing: /home/kaice/ros2_ws/install/dca1000/share/dca1000/local_setup.dsv
[1.288s] -- Installing: /home/kaice/ros2_ws/install/dca1000/share/dca1000/package.dsv
[1.288s] -- Installing: /home/kaice/ros2_ws/install/dca1000/share/ament_index/resource_index/packages/dca1000
[1.288s] -- Installing: /home/kaice/ros2_ws/install/dca1000/share/dca1000/cmake/dca1000Config.cmake
[1.289s] -- Installing: /home/kaice/ros2_ws/install/dca1000/share/dca1000/cmake/dca1000Config-version.cmake
[1.289s] -- Installing: /home/kaice/ros2_ws/install/dca1000/share/dca1000/package.xml
