[35m[1mConsolidate compiler generated dependencies of target radar_simulator__rosidl_generator_c[0m
[  9%] Built target radar_simulator__rosidl_generator_c
[ 12%] Built target radar_simulator__cpp
[35m[1mConsolidate compiler generated dependencies of target radar_simulator__rosidl_typesupport_c[0m
[35m[1mConsolidate compiler generated dependencies of target radar_simulator__rosidl_typesupport_introspection_c[0m
[ 12%] Built target ament_cmake_python_copy_radar_simulator
[35m[1mConsolidate compiler generated dependencies of target radar_simulator__rosidl_typesupport_fastrtps_c[0m
[ 22%] Built target radar_simulator__rosidl_typesupport_c
[ 32%] Built target radar_simulator__rosidl_typesupport_fastrtps_c
[ 41%] Built target radar_simulator__rosidl_typesupport_introspection_c
[35m[1mConsolidate compiler generated dependencies of target radar_simulator__rosidl_typesupport_introspection_cpp[0m
[35m[1mConsolidate compiler generated dependencies of target radar_simulator__rosidl_typesupport_fastrtps_cpp[0m
[35m[1mConsolidate compiler generated dependencies of target radar_simulator__rosidl_typesupport_cpp[0m
[ 51%] Built target radar_simulator__rosidl_typesupport_introspection_cpp
[ 61%] Built target radar_simulator__rosidl_typesupport_fastrtps_cpp
[ 70%] Built target radar_simulator__rosidl_typesupport_cpp
[ 70%] Built target radar_simulator
[ 74%] Built target radar_simulator__py
[35m[1mConsolidate compiler generated dependencies of target radar_simulator__rosidl_generator_py[0m
[ 80%] Built target radar_simulator__rosidl_generator_py
[35m[1mConsolidate compiler generated dependencies of target radar_simulator__rosidl_typesupport_introspection_c__pyext[0m
[35m[1mConsolidate compiler generated dependencies of target radar_simulator__rosidl_typesupport_c__pyext[0m
[35m[1mConsolidate compiler generated dependencies of target radar_simulator__rosidl_typesupport_fastrtps_c__pyext[0m
[ 87%] Built target radar_simulator__rosidl_typesupport_introspection_c__pyext
[ 93%] Built target radar_simulator__rosidl_typesupport_c__pyext
[100%] Built target radar_simulator__rosidl_typesupport_fastrtps_c__pyext
running egg_info
writing radar_simulator.egg-info/PKG-INFO
writing dependency_links to radar_simulator.egg-info/dependency_links.txt
writing top-level names to radar_simulator.egg-info/top_level.txt
reading manifest file 'radar_simulator.egg-info/SOURCES.txt'
writing manifest file 'radar_simulator.egg-info/SOURCES.txt'
[100%] Built target ament_cmake_python_build_radar_simulator_egg
-- Install configuration: ""
-- Up-to-date: /home/kaice/ros2_ws/install/radar_simulator/share/ament_index/resource_index/rosidl_interfaces/radar_simulator
-- Up-to-date: /home/kaice/ros2_ws/install/radar_simulator/include/radar_simulator/radar_simulator
-- Up-to-date: /home/kaice/ros2_ws/install/radar_simulator/include/radar_simulator/radar_simulator/msg
-- Up-to-date: /home/kaice/ros2_ws/install/radar_simulator/include/radar_simulator/radar_simulator/msg/rosidl_generator_c__visibility_control.h
-- Up-to-date: /home/kaice/ros2_ws/install/radar_simulator/include/radar_simulator/radar_simulator/msg/detail
-- Up-to-date: /home/kaice/ros2_ws/install/radar_simulator/include/radar_simulator/radar_simulator/msg/detail/radar_object__functions.h
-- Up-to-date: /home/kaice/ros2_ws/install/radar_simulator/include/radar_simulator/radar_simulator/msg/detail/radar_object__functions.c
-- Up-to-date: /home/kaice/ros2_ws/install/radar_simulator/include/radar_simulator/radar_simulator/msg/detail/radar_object__struct.h
-- Up-to-date: /home/kaice/ros2_ws/install/radar_simulator/include/radar_simulator/radar_simulator/msg/detail/radar_object__type_support.h
-- Up-to-date: /home/kaice/ros2_ws/install/radar_simulator/include/radar_simulator/radar_simulator/msg/radar_object.h
-- Up-to-date: /home/kaice/ros2_ws/install/radar_simulator/share/radar_simulator/environment/library_path.sh
-- Up-to-date: /home/kaice/ros2_ws/install/radar_simulator/share/radar_simulator/environment/library_path.dsv
-- Up-to-date: /home/kaice/ros2_ws/install/radar_simulator/lib/libradar_simulator__rosidl_generator_c.so
-- Up-to-date: /home/kaice/ros2_ws/install/radar_simulator/include/radar_simulator/radar_simulator
-- Up-to-date: /home/kaice/ros2_ws/install/radar_simulator/include/radar_simulator/radar_simulator/msg
-- Up-to-date: /home/kaice/ros2_ws/install/radar_simulator/include/radar_simulator/radar_simulator/msg/detail
-- Up-to-date: /home/kaice/ros2_ws/install/radar_simulator/include/radar_simulator/radar_simulator/msg/detail/radar_object__rosidl_typesupport_fastrtps_c.h
-- Up-to-date: /home/kaice/ros2_ws/install/radar_simulator/include/radar_simulator/radar_simulator/msg/rosidl_typesupport_fastrtps_c__visibility_control.h
-- Up-to-date: /home/kaice/ros2_ws/install/radar_simulator/lib/libradar_simulator__rosidl_typesupport_fastrtps_c.so
-- Up-to-date: /home/kaice/ros2_ws/install/radar_simulator/include/radar_simulator/radar_simulator
-- Up-to-date: /home/kaice/ros2_ws/install/radar_simulator/include/radar_simulator/radar_simulator/msg
-- Up-to-date: /home/kaice/ros2_ws/install/radar_simulator/include/radar_simulator/radar_simulator/msg/detail
-- Up-to-date: /home/kaice/ros2_ws/install/radar_simulator/include/radar_simulator/radar_simulator/msg/detail/radar_object__rosidl_typesupport_introspection_c.h
-- Up-to-date: /home/kaice/ros2_ws/install/radar_simulator/include/radar_simulator/radar_simulator/msg/detail/radar_object__type_support.c
-- Up-to-date: /home/kaice/ros2_ws/install/radar_simulator/include/radar_simulator/radar_simulator/msg/rosidl_typesupport_introspection_c__visibility_control.h
-- Up-to-date: /home/kaice/ros2_ws/install/radar_simulator/lib/libradar_simulator__rosidl_typesupport_introspection_c.so
-- Up-to-date: /home/kaice/ros2_ws/install/radar_simulator/lib/libradar_simulator__rosidl_typesupport_c.so
-- Up-to-date: /home/kaice/ros2_ws/install/radar_simulator/include/radar_simulator/radar_simulator
-- Up-to-date: /home/kaice/ros2_ws/install/radar_simulator/include/radar_simulator/radar_simulator/msg
-- Up-to-date: /home/kaice/ros2_ws/install/radar_simulator/include/radar_simulator/radar_simulator/msg/radar_object.hpp
-- Up-to-date: /home/kaice/ros2_ws/install/radar_simulator/include/radar_simulator/radar_simulator/msg/detail
-- Up-to-date: /home/kaice/ros2_ws/install/radar_simulator/include/radar_simulator/radar_simulator/msg/detail/radar_object__type_support.hpp
-- Up-to-date: /home/kaice/ros2_ws/install/radar_simulator/include/radar_simulator/radar_simulator/msg/detail/radar_object__builder.hpp
-- Up-to-date: /home/kaice/ros2_ws/install/radar_simulator/include/radar_simulator/radar_simulator/msg/detail/radar_object__traits.hpp
-- Up-to-date: /home/kaice/ros2_ws/install/radar_simulator/include/radar_simulator/radar_simulator/msg/detail/radar_object__struct.hpp
-- Up-to-date: /home/kaice/ros2_ws/install/radar_simulator/include/radar_simulator/radar_simulator/msg/rosidl_generator_cpp__visibility_control.hpp
-- Up-to-date: /home/kaice/ros2_ws/install/radar_simulator/include/radar_simulator/radar_simulator
-- Up-to-date: /home/kaice/ros2_ws/install/radar_simulator/include/radar_simulator/radar_simulator/msg
-- Up-to-date: /home/kaice/ros2_ws/install/radar_simulator/include/radar_simulator/radar_simulator/msg/detail
-- Up-to-date: /home/kaice/ros2_ws/install/radar_simulator/include/radar_simulator/radar_simulator/msg/detail/radar_object__rosidl_typesupport_fastrtps_cpp.hpp
-- Up-to-date: /home/kaice/ros2_ws/install/radar_simulator/include/radar_simulator/radar_simulator/msg/detail/dds_fastrtps
-- Up-to-date: /home/kaice/ros2_ws/install/radar_simulator/include/radar_simulator/radar_simulator/msg/rosidl_typesupport_fastrtps_cpp__visibility_control.h
-- Up-to-date: /home/kaice/ros2_ws/install/radar_simulator/lib/libradar_simulator__rosidl_typesupport_fastrtps_cpp.so
-- Up-to-date: /home/kaice/ros2_ws/install/radar_simulator/include/radar_simulator/radar_simulator
-- Up-to-date: /home/kaice/ros2_ws/install/radar_simulator/include/radar_simulator/radar_simulator/msg
-- Up-to-date: /home/kaice/ros2_ws/install/radar_simulator/include/radar_simulator/radar_simulator/msg/detail
-- Up-to-date: /home/kaice/ros2_ws/install/radar_simulator/include/radar_simulator/radar_simulator/msg/detail/radar_object__type_support.cpp
-- Up-to-date: /home/kaice/ros2_ws/install/radar_simulator/include/radar_simulator/radar_simulator/msg/detail/radar_object__rosidl_typesupport_introspection_cpp.hpp
-- Up-to-date: /home/kaice/ros2_ws/install/radar_simulator/lib/libradar_simulator__rosidl_typesupport_introspection_cpp.so
-- Up-to-date: /home/kaice/ros2_ws/install/radar_simulator/lib/libradar_simulator__rosidl_typesupport_cpp.so
-- Up-to-date: /home/kaice/ros2_ws/install/radar_simulator/share/radar_simulator/environment/pythonpath.sh
-- Up-to-date: /home/kaice/ros2_ws/install/radar_simulator/share/radar_simulator/environment/pythonpath.dsv
-- Up-to-date: /home/kaice/ros2_ws/install/radar_simulator/local/lib/python3.10/dist-packages/radar_simulator-0.0.0-py3.10.egg-info
-- Installing: /home/kaice/ros2_ws/install/radar_simulator/local/lib/python3.10/dist-packages/radar_simulator-0.0.0-py3.10.egg-info/SOURCES.txt
-- Installing: /home/kaice/ros2_ws/install/radar_simulator/local/lib/python3.10/dist-packages/radar_simulator-0.0.0-py3.10.egg-info/top_level.txt
-- Installing: /home/kaice/ros2_ws/install/radar_simulator/local/lib/python3.10/dist-packages/radar_simulator-0.0.0-py3.10.egg-info/dependency_links.txt
-- Installing: /home/kaice/ros2_ws/install/radar_simulator/local/lib/python3.10/dist-packages/radar_simulator-0.0.0-py3.10.egg-info/PKG-INFO
-- Up-to-date: /home/kaice/ros2_ws/install/radar_simulator/local/lib/python3.10/dist-packages/radar_simulator
-- Up-to-date: /home/kaice/ros2_ws/install/radar_simulator/local/lib/python3.10/dist-packages/radar_simulator/radar_simulator_s__rosidl_typesupport_c.cpython-310-x86_64-linux-gnu.so
-- Up-to-date: /home/kaice/ros2_ws/install/radar_simulator/local/lib/python3.10/dist-packages/radar_simulator/__init__.py
-- Up-to-date: /home/kaice/ros2_ws/install/radar_simulator/local/lib/python3.10/dist-packages/radar_simulator/_radar_simulator_s.ep.rosidl_typesupport_introspection_c.c
-- Up-to-date: /home/kaice/ros2_ws/install/radar_simulator/local/lib/python3.10/dist-packages/radar_simulator/libradar_simulator__rosidl_generator_py.so
-- Up-to-date: /home/kaice/ros2_ws/install/radar_simulator/local/lib/python3.10/dist-packages/radar_simulator/radar_simulator_s__rosidl_typesupport_fastrtps_c.cpython-310-x86_64-linux-gnu.so
-- Up-to-date: /home/kaice/ros2_ws/install/radar_simulator/local/lib/python3.10/dist-packages/radar_simulator/_radar_simulator_s.ep.rosidl_typesupport_c.c
-- Up-to-date: /home/kaice/ros2_ws/install/radar_simulator/local/lib/python3.10/dist-packages/radar_simulator/_radar_simulator_s.ep.rosidl_typesupport_fastrtps_c.c
-- Up-to-date: /home/kaice/ros2_ws/install/radar_simulator/local/lib/python3.10/dist-packages/radar_simulator/msg
-- Up-to-date: /home/kaice/ros2_ws/install/radar_simulator/local/lib/python3.10/dist-packages/radar_simulator/msg/__init__.py
-- Up-to-date: /home/kaice/ros2_ws/install/radar_simulator/local/lib/python3.10/dist-packages/radar_simulator/msg/_radar_object_s.c
-- Up-to-date: /home/kaice/ros2_ws/install/radar_simulator/local/lib/python3.10/dist-packages/radar_simulator/msg/_radar_object.py
-- Up-to-date: /home/kaice/ros2_ws/install/radar_simulator/local/lib/python3.10/dist-packages/radar_simulator/radar_simulator_s__rosidl_typesupport_introspection_c.cpython-310-x86_64-linux-gnu.so
Listing '/home/kaice/ros2_ws/install/radar_simulator/local/lib/python3.10/dist-packages/radar_simulator'...
Listing '/home/kaice/ros2_ws/install/radar_simulator/local/lib/python3.10/dist-packages/radar_simulator/msg'...
-- Up-to-date: /home/kaice/ros2_ws/install/radar_simulator/local/lib/python3.10/dist-packages/radar_simulator/radar_simulator_s__rosidl_typesupport_fastrtps_c.cpython-310-x86_64-linux-gnu.so
-- Up-to-date: /home/kaice/ros2_ws/install/radar_simulator/local/lib/python3.10/dist-packages/radar_simulator/radar_simulator_s__rosidl_typesupport_introspection_c.cpython-310-x86_64-linux-gnu.so
-- Up-to-date: /home/kaice/ros2_ws/install/radar_simulator/local/lib/python3.10/dist-packages/radar_simulator/radar_simulator_s__rosidl_typesupport_c.cpython-310-x86_64-linux-gnu.so
-- Up-to-date: /home/kaice/ros2_ws/install/radar_simulator/lib/libradar_simulator__rosidl_generator_py.so
-- Up-to-date: /home/kaice/ros2_ws/install/radar_simulator/share/radar_simulator/msg/RadarObject.idl
-- Up-to-date: /home/kaice/ros2_ws/install/radar_simulator/share/radar_simulator/msg/RadarObject.msg
-- Up-to-date: /home/kaice/ros2_ws/install/radar_simulator/share/ament_index/resource_index/package_run_dependencies/radar_simulator
-- Up-to-date: /home/kaice/ros2_ws/install/radar_simulator/share/ament_index/resource_index/parent_prefix_path/radar_simulator
-- Up-to-date: /home/kaice/ros2_ws/install/radar_simulator/share/radar_simulator/environment/ament_prefix_path.sh
-- Up-to-date: /home/kaice/ros2_ws/install/radar_simulator/share/radar_simulator/environment/ament_prefix_path.dsv
-- Up-to-date: /home/kaice/ros2_ws/install/radar_simulator/share/radar_simulator/environment/path.sh
-- Up-to-date: /home/kaice/ros2_ws/install/radar_simulator/share/radar_simulator/environment/path.dsv
-- Up-to-date: /home/kaice/ros2_ws/install/radar_simulator/share/radar_simulator/local_setup.bash
-- Up-to-date: /home/kaice/ros2_ws/install/radar_simulator/share/radar_simulator/local_setup.sh
-- Up-to-date: /home/kaice/ros2_ws/install/radar_simulator/share/radar_simulator/local_setup.zsh
-- Up-to-date: /home/kaice/ros2_ws/install/radar_simulator/share/radar_simulator/local_setup.dsv
-- Installing: /home/kaice/ros2_ws/install/radar_simulator/share/radar_simulator/package.dsv
-- Up-to-date: /home/kaice/ros2_ws/install/radar_simulator/share/ament_index/resource_index/packages/radar_simulator
-- Up-to-date: /home/kaice/ros2_ws/install/radar_simulator/share/radar_simulator/cmake/export_radar_simulator__rosidl_generator_cExport.cmake
-- Up-to-date: /home/kaice/ros2_ws/install/radar_simulator/share/radar_simulator/cmake/export_radar_simulator__rosidl_generator_cExport-noconfig.cmake
-- Up-to-date: /home/kaice/ros2_ws/install/radar_simulator/share/radar_simulator/cmake/export_radar_simulator__rosidl_typesupport_fastrtps_cExport.cmake
-- Up-to-date: /home/kaice/ros2_ws/install/radar_simulator/share/radar_simulator/cmake/export_radar_simulator__rosidl_typesupport_fastrtps_cExport-noconfig.cmake
-- Up-to-date: /home/kaice/ros2_ws/install/radar_simulator/share/radar_simulator/cmake/radar_simulator__rosidl_typesupport_introspection_cExport.cmake
-- Up-to-date: /home/kaice/ros2_ws/install/radar_simulator/share/radar_simulator/cmake/radar_simulator__rosidl_typesupport_introspection_cExport-noconfig.cmake
-- Up-to-date: /home/kaice/ros2_ws/install/radar_simulator/share/radar_simulator/cmake/radar_simulator__rosidl_typesupport_cExport.cmake
-- Up-to-date: /home/kaice/ros2_ws/install/radar_simulator/share/radar_simulator/cmake/radar_simulator__rosidl_typesupport_cExport-noconfig.cmake
-- Up-to-date: /home/kaice/ros2_ws/install/radar_simulator/share/radar_simulator/cmake/export_radar_simulator__rosidl_generator_cppExport.cmake
-- Up-to-date: /home/kaice/ros2_ws/install/radar_simulator/share/radar_simulator/cmake/export_radar_simulator__rosidl_typesupport_fastrtps_cppExport.cmake
-- Up-to-date: /home/kaice/ros2_ws/install/radar_simulator/share/radar_simulator/cmake/export_radar_simulator__rosidl_typesupport_fastrtps_cppExport-noconfig.cmake
-- Up-to-date: /home/kaice/ros2_ws/install/radar_simulator/share/radar_simulator/cmake/radar_simulator__rosidl_typesupport_introspection_cppExport.cmake
-- Up-to-date: /home/kaice/ros2_ws/install/radar_simulator/share/radar_simulator/cmake/radar_simulator__rosidl_typesupport_introspection_cppExport-noconfig.cmake
-- Up-to-date: /home/kaice/ros2_ws/install/radar_simulator/share/radar_simulator/cmake/radar_simulator__rosidl_typesupport_cppExport.cmake
-- Up-to-date: /home/kaice/ros2_ws/install/radar_simulator/share/radar_simulator/cmake/radar_simulator__rosidl_typesupport_cppExport-noconfig.cmake
-- Up-to-date: /home/kaice/ros2_ws/install/radar_simulator/share/radar_simulator/cmake/export_radar_simulator__rosidl_generator_pyExport.cmake
-- Up-to-date: /home/kaice/ros2_ws/install/radar_simulator/share/radar_simulator/cmake/export_radar_simulator__rosidl_generator_pyExport-noconfig.cmake
-- Up-to-date: /home/kaice/ros2_ws/install/radar_simulator/share/radar_simulator/cmake/rosidl_cmake-extras.cmake
-- Up-to-date: /home/kaice/ros2_ws/install/radar_simulator/share/radar_simulator/cmake/ament_cmake_export_include_directories-extras.cmake
-- Up-to-date: /home/kaice/ros2_ws/install/radar_simulator/share/radar_simulator/cmake/ament_cmake_export_libraries-extras.cmake
-- Up-to-date: /home/kaice/ros2_ws/install/radar_simulator/share/radar_simulator/cmake/ament_cmake_export_targets-extras.cmake
-- Up-to-date: /home/kaice/ros2_ws/install/radar_simulator/share/radar_simulator/cmake/rosidl_cmake_export_typesupport_targets-extras.cmake
-- Up-to-date: /home/kaice/ros2_ws/install/radar_simulator/share/radar_simulator/cmake/ament_cmake_export_dependencies-extras.cmake
-- Up-to-date: /home/kaice/ros2_ws/install/radar_simulator/share/radar_simulator/cmake/rosidl_cmake_export_typesupport_libraries-extras.cmake
-- Up-to-date: /home/kaice/ros2_ws/install/radar_simulator/share/radar_simulator/cmake/radar_simulatorConfig.cmake
-- Up-to-date: /home/kaice/ros2_ws/install/radar_simulator/share/radar_simulator/cmake/radar_simulatorConfig-version.cmake
-- Up-to-date: /home/kaice/ros2_ws/install/radar_simulator/share/radar_simulator/package.xml
