[0.019s] Invoking command in '/home/kaice/ros2_ws/build/radar_simulator': /usr/bin/cmake --build /home/kaice/ros2_ws/build/radar_simulator -- -j6 -l6
[0.088s] [35m[1mConsolidate compiler generated dependencies of target radar_simulator__rosidl_generator_c[0m
[0.106s] [  9%] Built target radar_simulator__rosidl_generator_c
[0.107s] [ 12%] Built target radar_simulator__cpp
[0.122s] [35m[1mConsolidate compiler generated dependencies of target radar_simulator__rosidl_typesupport_c[0m
[0.122s] [35m[1mConsolidate compiler generated dependencies of target radar_simulator__rosidl_typesupport_introspection_c[0m
[0.122s] [ 12%] Built target ament_cmake_python_copy_radar_simulator
[0.122s] [35m[1mConsolidate compiler generated dependencies of target radar_simulator__rosidl_typesupport_fastrtps_c[0m
[0.148s] [ 22%] Built target radar_simulator__rosidl_typesupport_c
[0.151s] [ 32%] Built target radar_simulator__rosidl_typesupport_fastrtps_c
[0.151s] [ 41%] Built target radar_simulator__rosidl_typesupport_introspection_c
[0.154s] [35m[1mConsolidate compiler generated dependencies of target radar_simulator__rosidl_typesupport_introspection_cpp[0m
[0.156s] [35m[1mConsolidate compiler generated dependencies of target radar_simulator__rosidl_typesupport_fastrtps_cpp[0m
[0.156s] [35m[1mConsolidate compiler generated dependencies of target radar_simulator__rosidl_typesupport_cpp[0m
[0.180s] [ 51%] Built target radar_simulator__rosidl_typesupport_introspection_cpp
[0.180s] [ 61%] Built target radar_simulator__rosidl_typesupport_fastrtps_cpp
[0.182s] [ 70%] Built target radar_simulator__rosidl_typesupport_cpp
[0.217s] [ 70%] Built target radar_simulator
[0.254s] [ 74%] Built target radar_simulator__py
[0.274s] [35m[1mConsolidate compiler generated dependencies of target radar_simulator__rosidl_generator_py[0m
[0.292s] [ 80%] Built target radar_simulator__rosidl_generator_py
[0.312s] [35m[1mConsolidate compiler generated dependencies of target radar_simulator__rosidl_typesupport_introspection_c__pyext[0m
[0.315s] [35m[1mConsolidate compiler generated dependencies of target radar_simulator__rosidl_typesupport_c__pyext[0m
[0.323s] [35m[1mConsolidate compiler generated dependencies of target radar_simulator__rosidl_typesupport_fastrtps_c__pyext[0m
[0.336s] [ 87%] Built target radar_simulator__rosidl_typesupport_introspection_c__pyext
[0.337s] [ 93%] Built target radar_simulator__rosidl_typesupport_c__pyext
[0.339s] [100%] Built target radar_simulator__rosidl_typesupport_fastrtps_c__pyext
[0.412s] running egg_info
[0.413s] writing radar_simulator.egg-info/PKG-INFO
[0.414s] writing dependency_links to radar_simulator.egg-info/dependency_links.txt
[0.414s] writing top-level names to radar_simulator.egg-info/top_level.txt
[0.417s] reading manifest file 'radar_simulator.egg-info/SOURCES.txt'
[0.421s] writing manifest file 'radar_simulator.egg-info/SOURCES.txt'
[0.467s] [100%] Built target ament_cmake_python_build_radar_simulator_egg
[0.486s] Invoked command in '/home/kaice/ros2_ws/build/radar_simulator' returned '0': /usr/bin/cmake --build /home/kaice/ros2_ws/build/radar_simulator -- -j6 -l6
[0.501s] Invoking command in '/home/kaice/ros2_ws/build/radar_simulator': /usr/bin/cmake --install /home/kaice/ros2_ws/build/radar_simulator
[0.511s] -- Install configuration: ""
[0.512s] -- Up-to-date: /home/kaice/ros2_ws/install/radar_simulator/share/ament_index/resource_index/rosidl_interfaces/radar_simulator
[0.512s] -- Up-to-date: /home/kaice/ros2_ws/install/radar_simulator/include/radar_simulator/radar_simulator
[0.512s] -- Up-to-date: /home/kaice/ros2_ws/install/radar_simulator/include/radar_simulator/radar_simulator/msg
[0.512s] -- Up-to-date: /home/kaice/ros2_ws/install/radar_simulator/include/radar_simulator/radar_simulator/msg/rosidl_generator_c__visibility_control.h
[0.512s] -- Up-to-date: /home/kaice/ros2_ws/install/radar_simulator/include/radar_simulator/radar_simulator/msg/detail
[0.512s] -- Up-to-date: /home/kaice/ros2_ws/install/radar_simulator/include/radar_simulator/radar_simulator/msg/detail/radar_object__functions.h
[0.512s] -- Up-to-date: /home/kaice/ros2_ws/install/radar_simulator/include/radar_simulator/radar_simulator/msg/detail/radar_object__functions.c
[0.512s] -- Up-to-date: /home/kaice/ros2_ws/install/radar_simulator/include/radar_simulator/radar_simulator/msg/detail/radar_object__struct.h
[0.512s] -- Up-to-date: /home/kaice/ros2_ws/install/radar_simulator/include/radar_simulator/radar_simulator/msg/detail/radar_object__type_support.h
[0.513s] -- Up-to-date: /home/kaice/ros2_ws/install/radar_simulator/include/radar_simulator/radar_simulator/msg/radar_object.h
[0.513s] -- Up-to-date: /home/kaice/ros2_ws/install/radar_simulator/share/radar_simulator/environment/library_path.sh
[0.513s] -- Up-to-date: /home/kaice/ros2_ws/install/radar_simulator/share/radar_simulator/environment/library_path.dsv
[0.513s] -- Up-to-date: /home/kaice/ros2_ws/install/radar_simulator/lib/libradar_simulator__rosidl_generator_c.so
[0.513s] -- Up-to-date: /home/kaice/ros2_ws/install/radar_simulator/include/radar_simulator/radar_simulator
[0.513s] -- Up-to-date: /home/kaice/ros2_ws/install/radar_simulator/include/radar_simulator/radar_simulator/msg
[0.513s] -- Up-to-date: /home/kaice/ros2_ws/install/radar_simulator/include/radar_simulator/radar_simulator/msg/detail
[0.513s] -- Up-to-date: /home/kaice/ros2_ws/install/radar_simulator/include/radar_simulator/radar_simulator/msg/detail/radar_object__rosidl_typesupport_fastrtps_c.h
[0.513s] -- Up-to-date: /home/kaice/ros2_ws/install/radar_simulator/include/radar_simulator/radar_simulator/msg/rosidl_typesupport_fastrtps_c__visibility_control.h
[0.514s] -- Up-to-date: /home/kaice/ros2_ws/install/radar_simulator/lib/libradar_simulator__rosidl_typesupport_fastrtps_c.so
[0.514s] -- Up-to-date: /home/kaice/ros2_ws/install/radar_simulator/include/radar_simulator/radar_simulator
[0.514s] -- Up-to-date: /home/kaice/ros2_ws/install/radar_simulator/include/radar_simulator/radar_simulator/msg
[0.514s] -- Up-to-date: /home/kaice/ros2_ws/install/radar_simulator/include/radar_simulator/radar_simulator/msg/detail
[0.514s] -- Up-to-date: /home/kaice/ros2_ws/install/radar_simulator/include/radar_simulator/radar_simulator/msg/detail/radar_object__rosidl_typesupport_introspection_c.h
[0.514s] -- Up-to-date: /home/kaice/ros2_ws/install/radar_simulator/include/radar_simulator/radar_simulator/msg/detail/radar_object__type_support.c
[0.514s] -- Up-to-date: /home/kaice/ros2_ws/install/radar_simulator/include/radar_simulator/radar_simulator/msg/rosidl_typesupport_introspection_c__visibility_control.h
[0.515s] -- Up-to-date: /home/kaice/ros2_ws/install/radar_simulator/lib/libradar_simulator__rosidl_typesupport_introspection_c.so
[0.515s] -- Up-to-date: /home/kaice/ros2_ws/install/radar_simulator/lib/libradar_simulator__rosidl_typesupport_c.so
[0.515s] -- Up-to-date: /home/kaice/ros2_ws/install/radar_simulator/include/radar_simulator/radar_simulator
[0.515s] -- Up-to-date: /home/kaice/ros2_ws/install/radar_simulator/include/radar_simulator/radar_simulator/msg
[0.515s] -- Up-to-date: /home/kaice/ros2_ws/install/radar_simulator/include/radar_simulator/radar_simulator/msg/radar_object.hpp
[0.515s] -- Up-to-date: /home/kaice/ros2_ws/install/radar_simulator/include/radar_simulator/radar_simulator/msg/detail
[0.515s] -- Up-to-date: /home/kaice/ros2_ws/install/radar_simulator/include/radar_simulator/radar_simulator/msg/detail/radar_object__type_support.hpp
[0.515s] -- Up-to-date: /home/kaice/ros2_ws/install/radar_simulator/include/radar_simulator/radar_simulator/msg/detail/radar_object__builder.hpp
[0.515s] -- Up-to-date: /home/kaice/ros2_ws/install/radar_simulator/include/radar_simulator/radar_simulator/msg/detail/radar_object__traits.hpp
[0.515s] -- Up-to-date: /home/kaice/ros2_ws/install/radar_simulator/include/radar_simulator/radar_simulator/msg/detail/radar_object__struct.hpp
[0.515s] -- Up-to-date: /home/kaice/ros2_ws/install/radar_simulator/include/radar_simulator/radar_simulator/msg/rosidl_generator_cpp__visibility_control.hpp
[0.515s] -- Up-to-date: /home/kaice/ros2_ws/install/radar_simulator/include/radar_simulator/radar_simulator
[0.515s] -- Up-to-date: /home/kaice/ros2_ws/install/radar_simulator/include/radar_simulator/radar_simulator/msg
[0.515s] -- Up-to-date: /home/kaice/ros2_ws/install/radar_simulator/include/radar_simulator/radar_simulator/msg/detail
[0.515s] -- Up-to-date: /home/kaice/ros2_ws/install/radar_simulator/include/radar_simulator/radar_simulator/msg/detail/radar_object__rosidl_typesupport_fastrtps_cpp.hpp
[0.515s] -- Up-to-date: /home/kaice/ros2_ws/install/radar_simulator/include/radar_simulator/radar_simulator/msg/detail/dds_fastrtps
[0.515s] -- Up-to-date: /home/kaice/ros2_ws/install/radar_simulator/include/radar_simulator/radar_simulator/msg/rosidl_typesupport_fastrtps_cpp__visibility_control.h
[0.516s] -- Up-to-date: /home/kaice/ros2_ws/install/radar_simulator/lib/libradar_simulator__rosidl_typesupport_fastrtps_cpp.so
[0.516s] -- Up-to-date: /home/kaice/ros2_ws/install/radar_simulator/include/radar_simulator/radar_simulator
[0.516s] -- Up-to-date: /home/kaice/ros2_ws/install/radar_simulator/include/radar_simulator/radar_simulator/msg
[0.516s] -- Up-to-date: /home/kaice/ros2_ws/install/radar_simulator/include/radar_simulator/radar_simulator/msg/detail
[0.516s] -- Up-to-date: /home/kaice/ros2_ws/install/radar_simulator/include/radar_simulator/radar_simulator/msg/detail/radar_object__type_support.cpp
[0.516s] -- Up-to-date: /home/kaice/ros2_ws/install/radar_simulator/include/radar_simulator/radar_simulator/msg/detail/radar_object__rosidl_typesupport_introspection_cpp.hpp
[0.516s] -- Up-to-date: /home/kaice/ros2_ws/install/radar_simulator/lib/libradar_simulator__rosidl_typesupport_introspection_cpp.so
[0.516s] -- Up-to-date: /home/kaice/ros2_ws/install/radar_simulator/lib/libradar_simulator__rosidl_typesupport_cpp.so
[0.516s] -- Up-to-date: /home/kaice/ros2_ws/install/radar_simulator/share/radar_simulator/environment/pythonpath.sh
[0.516s] -- Up-to-date: /home/kaice/ros2_ws/install/radar_simulator/share/radar_simulator/environment/pythonpath.dsv
[0.516s] -- Up-to-date: /home/kaice/ros2_ws/install/radar_simulator/local/lib/python3.10/dist-packages/radar_simulator-0.0.0-py3.10.egg-info
[0.516s] -- Installing: /home/kaice/ros2_ws/install/radar_simulator/local/lib/python3.10/dist-packages/radar_simulator-0.0.0-py3.10.egg-info/SOURCES.txt
[0.517s] -- Installing: /home/kaice/ros2_ws/install/radar_simulator/local/lib/python3.10/dist-packages/radar_simulator-0.0.0-py3.10.egg-info/top_level.txt
[0.517s] -- Installing: /home/kaice/ros2_ws/install/radar_simulator/local/lib/python3.10/dist-packages/radar_simulator-0.0.0-py3.10.egg-info/dependency_links.txt
[0.517s] -- Installing: /home/kaice/ros2_ws/install/radar_simulator/local/lib/python3.10/dist-packages/radar_simulator-0.0.0-py3.10.egg-info/PKG-INFO
[0.517s] -- Up-to-date: /home/kaice/ros2_ws/install/radar_simulator/local/lib/python3.10/dist-packages/radar_simulator
[0.517s] -- Up-to-date: /home/kaice/ros2_ws/install/radar_simulator/local/lib/python3.10/dist-packages/radar_simulator/radar_simulator_s__rosidl_typesupport_c.cpython-310-x86_64-linux-gnu.so
[0.517s] -- Up-to-date: /home/kaice/ros2_ws/install/radar_simulator/local/lib/python3.10/dist-packages/radar_simulator/__init__.py
[0.518s] -- Up-to-date: /home/kaice/ros2_ws/install/radar_simulator/local/lib/python3.10/dist-packages/radar_simulator/_radar_simulator_s.ep.rosidl_typesupport_introspection_c.c
[0.518s] -- Up-to-date: /home/kaice/ros2_ws/install/radar_simulator/local/lib/python3.10/dist-packages/radar_simulator/libradar_simulator__rosidl_generator_py.so
[0.518s] -- Up-to-date: /home/kaice/ros2_ws/install/radar_simulator/local/lib/python3.10/dist-packages/radar_simulator/radar_simulator_s__rosidl_typesupport_fastrtps_c.cpython-310-x86_64-linux-gnu.so
[0.518s] -- Up-to-date: /home/kaice/ros2_ws/install/radar_simulator/local/lib/python3.10/dist-packages/radar_simulator/_radar_simulator_s.ep.rosidl_typesupport_c.c
[0.518s] -- Up-to-date: /home/kaice/ros2_ws/install/radar_simulator/local/lib/python3.10/dist-packages/radar_simulator/_radar_simulator_s.ep.rosidl_typesupport_fastrtps_c.c
[0.518s] -- Up-to-date: /home/kaice/ros2_ws/install/radar_simulator/local/lib/python3.10/dist-packages/radar_simulator/msg
[0.518s] -- Up-to-date: /home/kaice/ros2_ws/install/radar_simulator/local/lib/python3.10/dist-packages/radar_simulator/msg/__init__.py
[0.518s] -- Up-to-date: /home/kaice/ros2_ws/install/radar_simulator/local/lib/python3.10/dist-packages/radar_simulator/msg/_radar_object_s.c
[0.518s] -- Up-to-date: /home/kaice/ros2_ws/install/radar_simulator/local/lib/python3.10/dist-packages/radar_simulator/msg/_radar_object.py
[0.519s] -- Up-to-date: /home/kaice/ros2_ws/install/radar_simulator/local/lib/python3.10/dist-packages/radar_simulator/radar_simulator_s__rosidl_typesupport_introspection_c.cpython-310-x86_64-linux-gnu.so
[0.550s] Listing '/home/kaice/ros2_ws/install/radar_simulator/local/lib/python3.10/dist-packages/radar_simulator'...
[0.551s] Listing '/home/kaice/ros2_ws/install/radar_simulator/local/lib/python3.10/dist-packages/radar_simulator/msg'...
[0.555s] -- Up-to-date: /home/kaice/ros2_ws/install/radar_simulator/local/lib/python3.10/dist-packages/radar_simulator/radar_simulator_s__rosidl_typesupport_fastrtps_c.cpython-310-x86_64-linux-gnu.so
[0.556s] -- Up-to-date: /home/kaice/ros2_ws/install/radar_simulator/local/lib/python3.10/dist-packages/radar_simulator/radar_simulator_s__rosidl_typesupport_introspection_c.cpython-310-x86_64-linux-gnu.so
[0.556s] -- Up-to-date: /home/kaice/ros2_ws/install/radar_simulator/local/lib/python3.10/dist-packages/radar_simulator/radar_simulator_s__rosidl_typesupport_c.cpython-310-x86_64-linux-gnu.so
[0.556s] -- Up-to-date: /home/kaice/ros2_ws/install/radar_simulator/lib/libradar_simulator__rosidl_generator_py.so
[0.556s] -- Up-to-date: /home/kaice/ros2_ws/install/radar_simulator/share/radar_simulator/msg/RadarObject.idl
[0.556s] -- Up-to-date: /home/kaice/ros2_ws/install/radar_simulator/share/radar_simulator/msg/RadarObject.msg
[0.556s] -- Up-to-date: /home/kaice/ros2_ws/install/radar_simulator/share/ament_index/resource_index/package_run_dependencies/radar_simulator
[0.557s] -- Up-to-date: /home/kaice/ros2_ws/install/radar_simulator/share/ament_index/resource_index/parent_prefix_path/radar_simulator
[0.557s] -- Up-to-date: /home/kaice/ros2_ws/install/radar_simulator/share/radar_simulator/environment/ament_prefix_path.sh
[0.557s] -- Up-to-date: /home/kaice/ros2_ws/install/radar_simulator/share/radar_simulator/environment/ament_prefix_path.dsv
[0.557s] -- Up-to-date: /home/kaice/ros2_ws/install/radar_simulator/share/radar_simulator/environment/path.sh
[0.557s] -- Up-to-date: /home/kaice/ros2_ws/install/radar_simulator/share/radar_simulator/environment/path.dsv
[0.557s] -- Up-to-date: /home/kaice/ros2_ws/install/radar_simulator/share/radar_simulator/local_setup.bash
[0.557s] -- Up-to-date: /home/kaice/ros2_ws/install/radar_simulator/share/radar_simulator/local_setup.sh
[0.557s] -- Up-to-date: /home/kaice/ros2_ws/install/radar_simulator/share/radar_simulator/local_setup.zsh
[0.558s] -- Up-to-date: /home/kaice/ros2_ws/install/radar_simulator/share/radar_simulator/local_setup.dsv
[0.558s] -- Installing: /home/kaice/ros2_ws/install/radar_simulator/share/radar_simulator/package.dsv
[0.558s] -- Up-to-date: /home/kaice/ros2_ws/install/radar_simulator/share/ament_index/resource_index/packages/radar_simulator
[0.558s] -- Up-to-date: /home/kaice/ros2_ws/install/radar_simulator/share/radar_simulator/cmake/export_radar_simulator__rosidl_generator_cExport.cmake
[0.558s] -- Up-to-date: /home/kaice/ros2_ws/install/radar_simulator/share/radar_simulator/cmake/export_radar_simulator__rosidl_generator_cExport-noconfig.cmake
[0.558s] -- Up-to-date: /home/kaice/ros2_ws/install/radar_simulator/share/radar_simulator/cmake/export_radar_simulator__rosidl_typesupport_fastrtps_cExport.cmake
[0.558s] -- Up-to-date: /home/kaice/ros2_ws/install/radar_simulator/share/radar_simulator/cmake/export_radar_simulator__rosidl_typesupport_fastrtps_cExport-noconfig.cmake
[0.558s] -- Up-to-date: /home/kaice/ros2_ws/install/radar_simulator/share/radar_simulator/cmake/radar_simulator__rosidl_typesupport_introspection_cExport.cmake
[0.559s] -- Up-to-date: /home/kaice/ros2_ws/install/radar_simulator/share/radar_simulator/cmake/radar_simulator__rosidl_typesupport_introspection_cExport-noconfig.cmake
[0.559s] -- Up-to-date: /home/kaice/ros2_ws/install/radar_simulator/share/radar_simulator/cmake/radar_simulator__rosidl_typesupport_cExport.cmake
[0.559s] -- Up-to-date: /home/kaice/ros2_ws/install/radar_simulator/share/radar_simulator/cmake/radar_simulator__rosidl_typesupport_cExport-noconfig.cmake
[0.559s] -- Up-to-date: /home/kaice/ros2_ws/install/radar_simulator/share/radar_simulator/cmake/export_radar_simulator__rosidl_generator_cppExport.cmake
[0.559s] -- Up-to-date: /home/kaice/ros2_ws/install/radar_simulator/share/radar_simulator/cmake/export_radar_simulator__rosidl_typesupport_fastrtps_cppExport.cmake
[0.559s] -- Up-to-date: /home/kaice/ros2_ws/install/radar_simulator/share/radar_simulator/cmake/export_radar_simulator__rosidl_typesupport_fastrtps_cppExport-noconfig.cmake
[0.559s] -- Up-to-date: /home/kaice/ros2_ws/install/radar_simulator/share/radar_simulator/cmake/radar_simulator__rosidl_typesupport_introspection_cppExport.cmake
[0.559s] -- Up-to-date: /home/kaice/ros2_ws/install/radar_simulator/share/radar_simulator/cmake/radar_simulator__rosidl_typesupport_introspection_cppExport-noconfig.cmake
[0.559s] -- Up-to-date: /home/kaice/ros2_ws/install/radar_simulator/share/radar_simulator/cmake/radar_simulator__rosidl_typesupport_cppExport.cmake
[0.559s] -- Up-to-date: /home/kaice/ros2_ws/install/radar_simulator/share/radar_simulator/cmake/radar_simulator__rosidl_typesupport_cppExport-noconfig.cmake
[0.560s] -- Up-to-date: /home/kaice/ros2_ws/install/radar_simulator/share/radar_simulator/cmake/export_radar_simulator__rosidl_generator_pyExport.cmake
[0.560s] -- Up-to-date: /home/kaice/ros2_ws/install/radar_simulator/share/radar_simulator/cmake/export_radar_simulator__rosidl_generator_pyExport-noconfig.cmake
[0.560s] -- Up-to-date: /home/kaice/ros2_ws/install/radar_simulator/share/radar_simulator/cmake/rosidl_cmake-extras.cmake
[0.560s] -- Up-to-date: /home/kaice/ros2_ws/install/radar_simulator/share/radar_simulator/cmake/ament_cmake_export_include_directories-extras.cmake
[0.560s] -- Up-to-date: /home/kaice/ros2_ws/install/radar_simulator/share/radar_simulator/cmake/ament_cmake_export_libraries-extras.cmake
[0.560s] -- Up-to-date: /home/kaice/ros2_ws/install/radar_simulator/share/radar_simulator/cmake/ament_cmake_export_targets-extras.cmake
[0.560s] -- Up-to-date: /home/kaice/ros2_ws/install/radar_simulator/share/radar_simulator/cmake/rosidl_cmake_export_typesupport_targets-extras.cmake
[0.560s] -- Up-to-date: /home/kaice/ros2_ws/install/radar_simulator/share/radar_simulator/cmake/ament_cmake_export_dependencies-extras.cmake
[0.560s] -- Up-to-date: /home/kaice/ros2_ws/install/radar_simulator/share/radar_simulator/cmake/rosidl_cmake_export_typesupport_libraries-extras.cmake
[0.560s] -- Up-to-date: /home/kaice/ros2_ws/install/radar_simulator/share/radar_simulator/cmake/radar_simulatorConfig.cmake
[0.560s] -- Up-to-date: /home/kaice/ros2_ws/install/radar_simulator/share/radar_simulator/cmake/radar_simulatorConfig-version.cmake
[0.561s] -- Up-to-date: /home/kaice/ros2_ws/install/radar_simulator/share/radar_simulator/package.xml
[0.569s] Invoked command in '/home/kaice/ros2_ws/build/radar_simulator' returned '0': /usr/bin/cmake --install /home/kaice/ros2_ws/build/radar_simulator
